Flow report for top
Mon Feb 17 18:19:10 2020
Quartus II 32-bit Version 13.0.1 Build 232 06/12/2013 Service Pack 1 SJ Web Edition


---------------------
; Table of Contents ;
---------------------
  1. Legal Notice
  2. Flow Summary
  3. Flow Settings
  4. Flow Non-Default Global Settings
  5. Flow Elapsed Time
  6. Flow OS Summary
  7. Flow Log
  8. Flow Messages
  9. Flow Suppressed Messages



----------------
; Legal Notice ;
----------------
Copyright (C) 1991-2013 Altera Corporation
Your use of Altera Corporation's design tools, logic functions 
and other software and tools, and its AMPP partner logic 
functions, and any output files from any of the foregoing 
(including device programming or simulation files), and any 
associated documentation or information are expressly subject 
to the terms and conditions of the Altera Program License 
Subscription Agreement, Altera MegaCore Function License 
Agreement, or other applicable license agreement, including, 
without limitation, that your use is for the sole purpose of 
programming logic devices manufactured by Altera and sold by 
Altera or its authorized distributors.  Please refer to the 
applicable agreement for further details.



+--------------------------------------------------------------------------------------+
; Flow Summary                                                                         ;
+------------------------------------+-------------------------------------------------+
; Flow Status                        ; Successful - Mon Feb 17 18:19:10 2020           ;
; Quartus II 64-Bit Version          ; 13.0.1 Build 232 06/12/2013 SP 1 SJ Web Edition ;
; Revision Name                      ; top                                             ;
; Top-level Entity Name              ; top                                             ;
; Family                             ; Cyclone II                                      ;
; Device                             ; EP2C20F484C7                                    ;
; Timing Models                      ; Final                                           ;
; Total logic elements               ; 5,508 / 18,752 ( 29 % )                         ;
;     Total combinational functions  ; 4,833 / 18,752 ( 26 % )                         ;
;     Dedicated logic registers      ; 2,721 / 18,752 ( 15 % )                         ;
; Total registers                    ; 2721                                            ;
; Total pins                         ; 31 / 315 ( 10 % )                               ;
; Total virtual pins                 ; 0                                               ;
; Total memory bits                  ; 157,696 / 239,616 ( 66 % )                      ;
; Embedded Multiplier 9-bit elements ; 23 / 52 ( 44 % )                                ;
; Total PLLs                         ; 0 / 4 ( 0 % )                                   ;
; Quartus II 32-bit Version          ; 13.0.1 Build 232 06/12/2013 SP 1 SJ Web Edition ;
+------------------------------------+-------------------------------------------------+


+-----------------------------------------+
; Flow Settings                           ;
+-------------------+---------------------+
; Option            ; Setting             ;
+-------------------+---------------------+
; Start date & time ; 02/17/2020 16:12:01 ;
; Main task         ; Compilation         ;
; Revision Name     ; top                 ;
+-------------------+---------------------+


+---------------------------------------------------------------------------------------------------------------------------------------------------------------------------+
; Flow Non-Default Global Settings                                                                                                                                          ;
+-----------------------------------------+--------------------------------------------------------------+---------------+---------------------------------+----------------+
; Assignment Name                         ; Value                                                        ; Default Value ; Entity Name                     ; Section Id     ;
+-----------------------------------------+--------------------------------------------------------------+---------------+---------------------------------+----------------+
; AUTO_PACKED_REGISTERS_STRATIXII         ; Normal                                                       ; Auto          ; --                              ; --             ;
; COMPILER_SIGNATURE_ID                   ; 247163800760674.158193792131528                              ; --            ; --                              ; --             ;
; CYCLONEII_OPTIMIZATION_TECHNIQUE        ; Speed                                                        ; Balanced      ; --                              ; --             ;
; EDA_DESIGN_INSTANCE_NAME                ; NA                                                           ; --            ; --                              ; tb             ;
; EDA_ENABLE_GLITCH_FILTERING             ; On                                                           ; --            ; --                              ; eda_simulation ;
; EDA_MAP_ILLEGAL_CHARACTERS              ; On                                                           ; --            ; --                              ; eda_simulation ;
; EDA_NATIVELINK_SIMULATION_TEST_BENCH    ; tb                                                           ; --            ; --                              ; eda_simulation ;
; EDA_OUTPUT_DATA_FORMAT                  ; Verilog Hdl                                                  ; --            ; --                              ; eda_simulation ;
; EDA_SIMULATION_TOOL                     ; ModelSim-Altera (Verilog)                                    ; <None>        ; --                              ; --             ;
; EDA_TEST_BENCH_ENABLE_STATUS            ; TEST_BENCH_MODE                                              ; --            ; --                              ; eda_simulation ;
; EDA_TEST_BENCH_FILE                     ; top.v                                                        ; --            ; --                              ; tb             ;
; EDA_TEST_BENCH_MODULE_NAME              ; tb                                                           ; --            ; --                              ; tb             ;
; EDA_TEST_BENCH_NAME                     ; tb                                                           ; --            ; --                              ; eda_simulation ;
; EDA_TIME_SCALE                          ; 1 ps                                                         ; --            ; --                              ; eda_simulation ;
; IP_TOOL_ENV                             ; Qsys                                                         ; --            ; altera_merlin_master_translator ; --             ;
; IP_TOOL_ENV                             ; Qsys                                                         ; --            ; altera_merlin_slave_translator  ; --             ;
; IP_TOOL_ENV                             ; Qsys                                                         ; --            ; altera_reset_controller         ; --             ;
; IP_TOOL_ENV                             ; Qsys                                                         ; --            ; system                          ; --             ;
; IP_TOOL_ENV                             ; Qsys                                                         ; --            ; system_jtag_uart_0              ; --             ;
; IP_TOOL_NAME                            ; ALTFP_ADD_SUB                                                ; --            ; --                              ; --             ;
; IP_TOOL_NAME                            ; ALTFP_COMPARE                                                ; --            ; --                              ; --             ;
; IP_TOOL_NAME                            ; ALTFP_CONVERT                                                ; --            ; --                              ; --             ;
; IP_TOOL_NAME                            ; ALTFP_CONVERT                                                ; --            ; --                              ; --             ;
; IP_TOOL_NAME                            ; ALTFP_DIV                                                    ; --            ; --                              ; --             ;
; IP_TOOL_NAME                            ; ALTFP_MULT                                                   ; --            ; --                              ; --             ;
; IP_TOOL_NAME                            ; ALTFP_SQRT                                                   ; --            ; --                              ; --             ;
; IP_TOOL_NAME                            ; altera_merlin_master_translator                              ; --            ; altera_merlin_master_translator ; --             ;
; IP_TOOL_NAME                            ; altera_merlin_slave_translator                               ; --            ; altera_merlin_slave_translator  ; --             ;
; IP_TOOL_NAME                            ; altera_reset_controller                                      ; --            ; altera_reset_controller         ; --             ;
; IP_TOOL_NAME                            ; Qsys                                                         ; --            ; system                          ; --             ;
; IP_TOOL_NAME                            ; altera_avalon_jtag_uart                                      ; --            ; system_jtag_uart_0              ; --             ;
; IP_TOOL_VERSION                         ; 13.0                                                         ; --            ; --                              ; --             ;
; IP_TOOL_VERSION                         ; 13.0                                                         ; --            ; --                              ; --             ;
; IP_TOOL_VERSION                         ; 13.0                                                         ; --            ; --                              ; --             ;
; IP_TOOL_VERSION                         ; 13.0                                                         ; --            ; --                              ; --             ;
; IP_TOOL_VERSION                         ; 13.0                                                         ; --            ; --                              ; --             ;
; IP_TOOL_VERSION                         ; 13.0                                                         ; --            ; --                              ; --             ;
; IP_TOOL_VERSION                         ; 13.0                                                         ; --            ; --                              ; --             ;
; IP_TOOL_VERSION                         ; 13.0                                                         ; --            ; altera_merlin_master_translator ; --             ;
; IP_TOOL_VERSION                         ; 13.0                                                         ; --            ; altera_merlin_slave_translator  ; --             ;
; IP_TOOL_VERSION                         ; 13.0                                                         ; --            ; altera_reset_controller         ; --             ;
; IP_TOOL_VERSION                         ; 13.0sp1                                                      ; --            ; system                          ; --             ;
; IP_TOOL_VERSION                         ; 13.0.1.99.2                                                  ; --            ; system_jtag_uart_0              ; --             ;
; MAX_CORE_JUNCTION_TEMP                  ; 85                                                           ; --            ; --                              ; --             ;
; MIN_CORE_JUNCTION_TEMP                  ; 0                                                            ; --            ; --                              ; --             ;
; MISC_FILE                               ; system/synthesis/../../system.cmp                            ; --            ; --                              ; --             ;
; MISC_FILE                               ; system/synthesis/../../system.qsys                           ; --            ; --                              ; --             ;
; MISC_FILE                               ; system/synthesis/submodules/fpu_add_sub_inst.v               ; --            ; --                              ; --             ;
; MISC_FILE                               ; system/synthesis/submodules/fpu_add_sub_bb.v                 ; --            ; --                              ; --             ;
; MISC_FILE                               ; system/synthesis/submodules/fpu_compare_inst.v               ; --            ; --                              ; --             ;
; MISC_FILE                               ; system/synthesis/submodules/fpu_compare_bb.v                 ; --            ; --                              ; --             ;
; MISC_FILE                               ; system/synthesis/submodules/fpu_convert_inst.v               ; --            ; --                              ; --             ;
; MISC_FILE                               ; system/synthesis/submodules/fpu_convert_bb.v                 ; --            ; --                              ; --             ;
; MISC_FILE                               ; system/synthesis/submodules/fpu_convert_float_integer_inst.v ; --            ; --                              ; --             ;
; MISC_FILE                               ; system/synthesis/submodules/fpu_convert_float_integer_bb.v   ; --            ; --                              ; --             ;
; MISC_FILE                               ; system/synthesis/submodules/fpu_div_inst.v                   ; --            ; --                              ; --             ;
; MISC_FILE                               ; system/synthesis/submodules/fpu_div_bb.v                     ; --            ; --                              ; --             ;
; MISC_FILE                               ; system/synthesis/submodules/fpu_mult_inst.v                  ; --            ; --                              ; --             ;
; MISC_FILE                               ; system/synthesis/submodules/fpu_mult_bb.v                    ; --            ; --                              ; --             ;
; MISC_FILE                               ; system/synthesis/submodules/fpu_sqrt_inst.v                  ; --            ; --                              ; --             ;
; MISC_FILE                               ; system/synthesis/submodules/fpu_sqrt_bb.v                    ; --            ; --                              ; --             ;
; PARTITION_COLOR                         ; 16764057                                                     ; --            ; --                              ; Top            ;
; PARTITION_FITTER_PRESERVATION_LEVEL     ; PLACEMENT_AND_ROUTING                                        ; --            ; --                              ; Top            ;
; PARTITION_NETLIST_TYPE                  ; SOURCE                                                       ; --            ; --                              ; Top            ;
; PHYSICAL_SYNTHESIS_COMBO_LOGIC          ; On                                                           ; Off           ; --                              ; --             ;
; PHYSICAL_SYNTHESIS_REGISTER_DUPLICATION ; On                                                           ; Off           ; --                              ; --             ;
; PHYSICAL_SYNTHESIS_REGISTER_RETIMING    ; On                                                           ; Off           ; --                              ; --             ;
; POWER_BOARD_THERMAL_MODEL               ; None (CONSERVATIVE)                                          ; --            ; --                              ; --             ;
; POWER_PRESET_COOLING_SOLUTION           ; 23 MM HEAT SINK WITH 200 LFPM AIRFLOW                        ; --            ; --                              ; --             ;
; PROJECT_OUTPUT_DIRECTORY                ; output_files                                                 ; --            ; --                              ; --             ;
; ROUTER_TIMING_OPTIMIZATION_LEVEL        ; MAXIMUM                                                      ; Normal        ; --                              ; --             ;
; SLD_INFO                                ; QSYS_NAME system HAS_SOPCINFO 1 GENERATION_ID 1581937858     ; --            ; system                          ; --             ;
; SMART_RECOMPILE                         ; On                                                           ; Off           ; --                              ; --             ;
; SOPCINFO_FILE                           ; system/synthesis/../../system.sopcinfo                       ; --            ; --                              ; --             ;
; SYNTHESIS_ONLY_QIP                      ; On                                                           ; --            ; --                              ; --             ;
+-----------------------------------------+--------------------------------------------------------------+---------------+---------------------------------+----------------+


+-------------------------------------------------------------------------------------------------------------------------------+
; Flow Elapsed Time                                                                                                             ;
+---------------------------+--------------+-------------------------+---------------------+------------------------------------+
; Module Name               ; Elapsed Time ; Average Processors Used ; Peak Virtual Memory ; Total CPU Time (on all processors) ;
+---------------------------+--------------+-------------------------+---------------------+------------------------------------+
; Analysis & Synthesis      ; 00:00:30     ; 1.0                     ; 4738 MB             ; 00:00:27                           ;
; Fitter                    ; 00:00:32     ; 1.0                     ; 4935 MB             ; 00:00:29                           ;
; Assembler                 ; 00:00:02     ; 1.0                     ; 4571 MB             ; 00:00:02                           ;
; TimeQuest Timing Analyzer ; 00:00:03     ; 1.0                     ; 4615 MB             ; 00:00:02                           ;
; EDA Netlist Writer        ; 00:00:08     ; 1.0                     ; 4608 MB             ; 00:00:07                           ;
; MIF/HEX Update            ; 00:00:01     ; 1.0                     ; 4638 MB             ; 00:00:02                           ;
; Assembler                 ; 00:00:02     ; 1.0                     ; 4576 MB             ; 00:00:02                           ;
; MIF/HEX Update            ; 00:00:02     ; 1.0                     ; 4639 MB             ; 00:00:02                           ;
; Assembler                 ; 00:00:02     ; 1.0                     ; 4576 MB             ; 00:00:02                           ;
; Assembler                 ; 00:00:02     ; 1.0                     ; 4576 MB             ; 00:00:02                           ;
; MIF/HEX Update            ; 00:00:02     ; 1.0                     ; 4638 MB             ; 00:00:02                           ;
; Assembler                 ; 00:00:02     ; 1.0                     ; 4576 MB             ; 00:00:02                           ;
; MIF/HEX Update            ; 00:00:02     ; 1.0                     ; 4638 MB             ; 00:00:01                           ;
; MIF/HEX Update            ; 00:00:02     ; 1.0                     ; 4638 MB             ; 00:00:01                           ;
; Assembler                 ; 00:00:02     ; 1.0                     ; 4576 MB             ; 00:00:02                           ;
; MIF/HEX Update            ; 00:00:02     ; 1.0                     ; 399 MB              ; 00:00:01                           ;
; Assembler                 ; 00:00:02     ; 1.0                     ; 379 MB              ; 00:00:02                           ;
; MIF/HEX Update            ; 00:00:02     ; 1.0                     ; 399 MB              ; 00:00:02                           ;
; Assembler                 ; 00:00:02     ; 1.0                     ; 379 MB              ; 00:00:02                           ;
; MIF/HEX Update            ; 00:00:01     ; 1.0                     ; 399 MB              ; 00:00:02                           ;
; Assembler                 ; 00:00:02     ; 1.0                     ; 379 MB              ; 00:00:02                           ;
; MIF/HEX Update            ; 00:00:02     ; 1.0                     ; 399 MB              ; 00:00:02                           ;
; Assembler                 ; 00:00:03     ; 1.0                     ; 379 MB              ; 00:00:02                           ;
; MIF/HEX Update            ; 00:00:01     ; 1.0                     ; 395 MB              ; 00:00:01                           ;
; Assembler                 ; 00:00:02     ; 1.0                     ; 379 MB              ; 00:00:02                           ;
; MIF/HEX Update            ; 00:00:02     ; 1.0                     ; 399 MB              ; 00:00:01                           ;
; Assembler                 ; 00:00:02     ; 1.0                     ; 379 MB              ; 00:00:02                           ;
; MIF/HEX Update            ; 00:00:01     ; 1.0                     ; 399 MB              ; 00:00:02                           ;
; Assembler                 ; 00:00:02     ; 1.0                     ; 379 MB              ; 00:00:02                           ;
; MIF/HEX Update            ; 00:00:02     ; 1.0                     ; 399 MB              ; 00:00:02                           ;
; Assembler                 ; 00:00:03     ; 1.0                     ; 379 MB              ; 00:00:02                           ;
; MIF/HEX Update            ; 00:00:02     ; 1.0                     ; 399 MB              ; 00:00:01                           ;
; Assembler                 ; 00:00:02     ; 1.0                     ; 379 MB              ; 00:00:02                           ;
; MIF/HEX Update            ; 00:00:02     ; 1.0                     ; 399 MB              ; 00:00:01                           ;
; Assembler                 ; 00:00:02     ; 1.0                     ; 379 MB              ; 00:00:02                           ;
; MIF/HEX Update            ; 00:00:01     ; 1.0                     ; 399 MB              ; 00:00:02                           ;
; Assembler                 ; 00:00:02     ; 1.0                     ; 379 MB              ; 00:00:02                           ;
; MIF/HEX Update            ; 00:00:02     ; 1.0                     ; 399 MB              ; 00:00:01                           ;
; Assembler                 ; 00:00:03     ; 1.0                     ; 379 MB              ; 00:00:02                           ;
; MIF/HEX Update            ; 00:00:02     ; 1.0                     ; 399 MB              ; 00:00:02                           ;
; Assembler                 ; 00:00:02     ; 1.0                     ; 379 MB              ; 00:00:02                           ;
; MIF/HEX Update            ; 00:00:01     ; 1.0                     ; 399 MB              ; 00:00:01                           ;
; Assembler                 ; 00:00:02     ; 1.0                     ; 379 MB              ; 00:00:02                           ;
; MIF/HEX Update            ; 00:00:01     ; 1.0                     ; 395 MB              ; 00:00:01                           ;
; Assembler                 ; 00:00:02     ; 1.0                     ; 379 MB              ; 00:00:02                           ;
; MIF/HEX Update            ; 00:00:02     ; 1.0                     ; 395 MB              ; 00:00:01                           ;
; Assembler                 ; 00:00:02     ; 1.0                     ; 379 MB              ; 00:00:02                           ;
; MIF/HEX Update            ; 00:00:01     ; 1.0                     ; 395 MB              ; 00:00:01                           ;
; Assembler                 ; 00:00:02     ; 1.0                     ; 379 MB              ; 00:00:02                           ;
; MIF/HEX Update            ; 00:00:02     ; 1.0                     ; 395 MB              ; 00:00:02                           ;
; Assembler                 ; 00:00:02     ; 1.0                     ; 379 MB              ; 00:00:02                           ;
; MIF/HEX Update            ; 00:00:02     ; 1.0                     ; 395 MB              ; 00:00:02                           ;
; Assembler                 ; 00:00:02     ; 1.0                     ; 379 MB              ; 00:00:02                           ;
; MIF/HEX Update            ; 00:00:01     ; 1.0                     ; 395 MB              ; 00:00:01                           ;
; Assembler                 ; 00:00:03     ; 1.0                     ; 379 MB              ; 00:00:02                           ;
; MIF/HEX Update            ; 00:00:02     ; 1.0                     ; 395 MB              ; 00:00:02                           ;
; Assembler                 ; 00:00:02     ; 1.0                     ; 379 MB              ; 00:00:02                           ;
; MIF/HEX Update            ; 00:00:01     ; 1.0                     ; 395 MB              ; 00:00:02                           ;
; Assembler                 ; 00:00:02     ; 1.0                     ; 379 MB              ; 00:00:02                           ;
; MIF/HEX Update            ; 00:00:02     ; 1.0                     ; 395 MB              ; 00:00:02                           ;
; Assembler                 ; 00:00:03     ; 1.0                     ; 379 MB              ; 00:00:02                           ;
; MIF/HEX Update            ; 00:00:01     ; 1.0                     ; 395 MB              ; 00:00:02                           ;
; Assembler                 ; 00:00:02     ; 1.0                     ; 379 MB              ; 00:00:02                           ;
; MIF/HEX Update            ; 00:00:02     ; 1.0                     ; 395 MB              ; 00:00:01                           ;
; Assembler                 ; 00:00:02     ; 1.0                     ; 379 MB              ; 00:00:02                           ;
; MIF/HEX Update            ; 00:00:01     ; 1.0                     ; 395 MB              ; 00:00:01                           ;
; Assembler                 ; 00:00:03     ; 1.0                     ; 379 MB              ; 00:00:02                           ;
; MIF/HEX Update            ; 00:00:01     ; 1.0                     ; 395 MB              ; 00:00:01                           ;
; Assembler                 ; 00:00:02     ; 1.0                     ; 379 MB              ; 00:00:02                           ;
; MIF/HEX Update            ; 00:00:02     ; 1.0                     ; 395 MB              ; 00:00:01                           ;
; Assembler                 ; 00:00:02     ; 1.0                     ; 379 MB              ; 00:00:02                           ;
; Total                     ; 00:03:20     ; --                      ; --                  ; 00:03:02                           ;
+---------------------------+--------------+-------------------------+---------------------+------------------------------------+


+----------------------------------------------------------------------------------------+
; Flow OS Summary                                                                        ;
+---------------------------+------------------+-----------+------------+----------------+
; Module Name               ; Machine Hostname ; OS Name   ; OS Version ; Processor type ;
+---------------------------+------------------+-----------+------------+----------------+
; Analysis & Synthesis      ; Niku             ; Windows 7 ; 6.2        ; x86_64         ;
; Fitter                    ; Niku             ; Windows 7 ; 6.2        ; x86_64         ;
; Assembler                 ; Niku             ; Windows 7 ; 6.2        ; x86_64         ;
; TimeQuest Timing Analyzer ; Niku             ; Windows 7 ; 6.2        ; x86_64         ;
; EDA Netlist Writer        ; Niku             ; Windows 7 ; 6.2        ; x86_64         ;
; MIF/HEX Update            ; Niku             ; Windows 7 ; 6.2        ; x86_64         ;
; Assembler                 ; Niku             ; Windows 7 ; 6.2        ; x86_64         ;
; MIF/HEX Update            ; Niku             ; Windows 7 ; 6.2        ; x86_64         ;
; Assembler                 ; Niku             ; Windows 7 ; 6.2        ; x86_64         ;
; Assembler                 ; Niku             ; Windows 7 ; 6.2        ; x86_64         ;
; MIF/HEX Update            ; Niku             ; Windows 7 ; 6.2        ; x86_64         ;
; Assembler                 ; Niku             ; Windows 7 ; 6.2        ; x86_64         ;
; MIF/HEX Update            ; Niku             ; Windows 7 ; 6.2        ; x86_64         ;
; MIF/HEX Update            ; Niku             ; Windows 7 ; 6.2        ; x86_64         ;
; Assembler                 ; Niku             ; Windows 7 ; 6.2        ; x86_64         ;
; MIF/HEX Update            ; Niku             ; Windows 7 ; 6.2        ; x86_64         ;
; Assembler                 ; Niku             ; Windows 7 ; 6.2        ; x86_64         ;
; MIF/HEX Update            ; Niku             ; Windows 7 ; 6.2        ; x86_64         ;
; Assembler                 ; Niku             ; Windows 7 ; 6.2        ; x86_64         ;
; MIF/HEX Update            ; Niku             ; Windows 7 ; 6.2        ; x86_64         ;
; Assembler                 ; Niku             ; Windows 7 ; 6.2        ; x86_64         ;
; MIF/HEX Update            ; Niku             ; Windows 7 ; 6.2        ; x86_64         ;
; Assembler                 ; Niku             ; Windows 7 ; 6.2        ; x86_64         ;
; MIF/HEX Update            ; Niku             ; Windows 7 ; 6.2        ; x86_64         ;
; Assembler                 ; Niku             ; Windows 7 ; 6.2        ; x86_64         ;
; MIF/HEX Update            ; Niku             ; Windows 7 ; 6.2        ; x86_64         ;
; Assembler                 ; Niku             ; Windows 7 ; 6.2        ; x86_64         ;
; MIF/HEX Update            ; Niku             ; Windows 7 ; 6.2        ; x86_64         ;
; Assembler                 ; Niku             ; Windows 7 ; 6.2        ; x86_64         ;
; MIF/HEX Update            ; Niku             ; Windows 7 ; 6.2        ; x86_64         ;
; Assembler                 ; Niku             ; Windows 7 ; 6.2        ; x86_64         ;
; MIF/HEX Update            ; Niku             ; Windows 7 ; 6.2        ; x86_64         ;
; Assembler                 ; Niku             ; Windows 7 ; 6.2        ; x86_64         ;
; MIF/HEX Update            ; Niku             ; Windows 7 ; 6.2        ; x86_64         ;
; Assembler                 ; Niku             ; Windows 7 ; 6.2        ; x86_64         ;
; MIF/HEX Update            ; Niku             ; Windows 7 ; 6.2        ; x86_64         ;
; Assembler                 ; Niku             ; Windows 7 ; 6.2        ; x86_64         ;
; MIF/HEX Update            ; Niku             ; Windows 7 ; 6.2        ; x86_64         ;
; Assembler                 ; Niku             ; Windows 7 ; 6.2        ; x86_64         ;
; MIF/HEX Update            ; Niku             ; Windows 7 ; 6.2        ; x86_64         ;
; Assembler                 ; Niku             ; Windows 7 ; 6.2        ; x86_64         ;
; MIF/HEX Update            ; Niku             ; Windows 7 ; 6.2        ; x86_64         ;
; Assembler                 ; Niku             ; Windows 7 ; 6.2        ; x86_64         ;
; MIF/HEX Update            ; Niku             ; Windows 7 ; 6.2        ; x86_64         ;
; Assembler                 ; Niku             ; Windows 7 ; 6.2        ; x86_64         ;
; MIF/HEX Update            ; Niku             ; Windows 7 ; 6.2        ; x86_64         ;
; Assembler                 ; Niku             ; Windows 7 ; 6.2        ; x86_64         ;
; MIF/HEX Update            ; Niku             ; Windows 7 ; 6.2        ; x86_64         ;
; Assembler                 ; Niku             ; Windows 7 ; 6.2        ; x86_64         ;
; MIF/HEX Update            ; Niku             ; Windows 7 ; 6.2        ; x86_64         ;
; Assembler                 ; Niku             ; Windows 7 ; 6.2        ; x86_64         ;
; MIF/HEX Update            ; Niku             ; Windows 7 ; 6.2        ; x86_64         ;
; Assembler                 ; Niku             ; Windows 7 ; 6.2        ; x86_64         ;
; MIF/HEX Update            ; Niku             ; Windows 7 ; 6.2        ; x86_64         ;
; Assembler                 ; Niku             ; Windows 7 ; 6.2        ; x86_64         ;
; MIF/HEX Update            ; Niku             ; Windows 7 ; 6.2        ; x86_64         ;
; Assembler                 ; Niku             ; Windows 7 ; 6.2        ; x86_64         ;
; MIF/HEX Update            ; Niku             ; Windows 7 ; 6.2        ; x86_64         ;
; Assembler                 ; Niku             ; Windows 7 ; 6.2        ; x86_64         ;
; MIF/HEX Update            ; Niku             ; Windows 7 ; 6.2        ; x86_64         ;
; Assembler                 ; Niku             ; Windows 7 ; 6.2        ; x86_64         ;
; MIF/HEX Update            ; Niku             ; Windows 7 ; 6.2        ; x86_64         ;
; Assembler                 ; Niku             ; Windows 7 ; 6.2        ; x86_64         ;
; MIF/HEX Update            ; Niku             ; Windows 7 ; 6.2        ; x86_64         ;
; Assembler                 ; Niku             ; Windows 7 ; 6.2        ; x86_64         ;
; MIF/HEX Update            ; Niku             ; Windows 7 ; 6.2        ; x86_64         ;
; Assembler                 ; Niku             ; Windows 7 ; 6.2        ; x86_64         ;
; MIF/HEX Update            ; Niku             ; Windows 7 ; 6.2        ; x86_64         ;
; Assembler                 ; Niku             ; Windows 7 ; 6.2        ; x86_64         ;
; MIF/HEX Update            ; Niku             ; Windows 7 ; 6.2        ; x86_64         ;
; Assembler                 ; Niku             ; Windows 7 ; 6.2        ; x86_64         ;
+---------------------------+------------------+-----------+------------+----------------+


------------
; Flow Log ;
------------
quartus_map --read_settings_files=on --write_settings_files=off top -c top
quartus_fit --read_settings_files=off --write_settings_files=off top -c top
quartus_asm --read_settings_files=off --write_settings_files=off top -c top
quartus_sta top -c top
quartus_eda --read_settings_files=off --write_settings_files=off top -c top
quartus_cdb top -c top --update_mif
quartus_asm --read_settings_files=on --write_settings_files=off top -c top
quartus_cdb top -c top --update_mif
quartus_asm --read_settings_files=on --write_settings_files=off top -c top
quartus_asm --read_settings_files=on --write_settings_files=off top -c top
quartus_cdb top -c top --update_mif
quartus_asm --read_settings_files=on --write_settings_files=off top -c top
quartus_cdb top -c top --update_mif
quartus_cdb top -c top --update_mif
quartus_asm --read_settings_files=on --write_settings_files=off top -c top
quartus_cdb --update_mif top
quartus_asm top
quartus_cdb --update_mif top
quartus_asm top
quartus_cdb --update_mif top
quartus_asm top
quartus_cdb --update_mif top
quartus_asm top
quartus_cdb --update_mif top
quartus_asm top
quartus_cdb --update_mif top
quartus_asm top
quartus_cdb --update_mif top
quartus_asm top
quartus_cdb --update_mif top
quartus_asm top
quartus_cdb --update_mif top
quartus_asm top
quartus_cdb --update_mif top
quartus_asm top
quartus_cdb --update_mif top
quartus_asm top
quartus_cdb --update_mif top
quartus_asm top
quartus_cdb --update_mif top
quartus_asm top
quartus_cdb --update_mif top
quartus_asm top
quartus_cdb --update_mif top
quartus_asm top
quartus_cdb --update_mif top
quartus_asm top
quartus_cdb --update_mif top
quartus_asm top
quartus_cdb --update_mif top
quartus_asm top
quartus_cdb --update_mif top
quartus_asm top
quartus_cdb --update_mif top
quartus_asm top
quartus_cdb --update_mif top
quartus_asm top
quartus_cdb --update_mif top
quartus_asm top
quartus_cdb --update_mif top
quartus_asm top
quartus_cdb --update_mif top
quartus_asm top
quartus_cdb --update_mif top
quartus_asm top
quartus_cdb --update_mif top
quartus_asm top
quartus_cdb --update_mif top
quartus_asm top
quartus_cdb --update_mif top
quartus_asm top



