#! /usr/bin/vvp
:ivl_version "10.1 (stable)";
:ivl_delay_selection "TYPICAL";
:vpi_time_precision + 0;
:vpi_module "system";
:vpi_module "vhdl_sys";
:vpi_module "v2005_math";
:vpi_module "va_math";
S_0x5576bf0e2bb0 .scope module, "tb" "tb" 2 199;
 .timescale 0 0;
v0x5576bf126fa0_0 .var "clk", 0 0;
v0x5576bf127060_0 .var "reset", 0 0;
L_0x5576bf13cd30 .concat [ 1 1 0 0], v0x5576bf126fa0_0, v0x5576bf127060_0;
S_0x5576bf0c3220 .scope module, "riscv0" "riscv" 2 201, 2 1 0, S_0x5576bf0e2bb0;
 .timescale 0 0;
    .port_info 0 /INPUT 2 "KEY"
    .port_info 1 /OUTPUT 10 "LEDR"
L_0x5576bf06bcc0 .functor NOT 1, L_0x5576bf127120, C4<0>, C4<0>, C4<0>;
L_0x5576bf139540 .functor NOT 1, L_0x5576bf127120, C4<0>, C4<0>, C4<0>;
v0x5576bf125df0_0 .net "I", 31 0, L_0x5576bf138290;  1 drivers
v0x5576bf125e90_0 .net "KEY", 1 0, L_0x5576bf13cd30;  1 drivers
v0x5576bf125f30_0 .net "LEDR", 9 0, L_0x5576bf1272e0;  1 drivers
v0x5576bf125fd0_0 .net "Rd", 4 0, L_0x5576bf138830;  1 drivers
v0x5576bf1260a0_0 .net "Rs1", 4 0, L_0x5576bf138920;  1 drivers
v0x5576bf126190_0 .net "Rs2", 4 0, L_0x5576bf138a10;  1 drivers
L_0x7f534207a258 .functor BUFT 1, C4<00000000000000000000000000000000>, C4<0>, C4<0>, C4<0>;
v0x5576bf126260_0 .net/2s *"_s14", 31 0, L_0x7f534207a258;  1 drivers
v0x5576bf126300_0 .net *"_s33", 0 0, L_0x5576bf13b700;  1 drivers
v0x5576bf1263a0_0 .net *"_s35", 2 0, L_0x5576bf13b7d0;  1 drivers
L_0x7f534207a018 .functor BUFT 1, C4<00000000000000000000000000000001>, C4<0>, C4<0>, C4<0>;
v0x5576bf126440_0 .net/2s *"_s6", 31 0, L_0x7f534207a018;  1 drivers
v0x5576bf1264e0_0 .var "aluB", 31 0;
v0x5576bf1265b0_0 .net "aluResult", 31 0, v0x5576bf0c3cd0_0;  1 drivers
v0x5576bf126680_0 .net "branchFromAlu", 0 0, v0x5576bf109400_0;  1 drivers
v0x5576bf126750_0 .net "clear", 0 0, L_0x5576bf1271f0;  1 drivers
v0x5576bf1267f0_0 .net "clock", 0 0, L_0x5576bf127120;  1 drivers
v0x5576bf126890_0 .net "dataA", 31 0, v0x5576bf125730_0;  1 drivers
v0x5576bf126980_0 .net "dataB", 31 0, v0x5576bf1257d0_0;  1 drivers
v0x5576bf126a70_0 .var "dataD", 31 0;
v0x5576bf126b10_0 .net "dmemOut", 31 0, L_0x5576bf13c8b0;  1 drivers
v0x5576bf126bb0_0 .net "imemAddr", 31 0, v0x5576bf10e100_0;  1 drivers
v0x5576bf126c50_0 .net "immGenOut", 31 0, v0x5576bf10d7b0_0;  1 drivers
v0x5576bf126cf0_0 .net "opcode", 6 0, L_0x5576bf1386b0;  1 drivers
v0x5576bf126dc0_0 .var "pcIn", 31 0;
v0x5576bf126e90_0 .net "signals", 10 0, v0x5576bf0c5b70_0;  1 drivers
E_0x5576bf0629e0 .event edge, v0x5576bf0c5b70_0, v0x5576bf10a280_0, v0x5576bf0c3cd0_0;
E_0x5576bf061ba0 .event edge, v0x5576bf0c5b70_0, v0x5576bf10d7b0_0, v0x5576bf10a1a0_0;
E_0x5576bf062000 .event edge, v0x5576bf109400_0, v0x5576bf0c5b70_0, v0x5576bf10e100_0, v0x5576bf10d7b0_0;
L_0x5576bf127120 .part L_0x5576bf13cd30, 0, 1;
L_0x5576bf1271f0 .part L_0x5576bf13cd30, 1, 1;
L_0x5576bf1272e0 .part v0x5576bf0c3cd0_0, 0, 10;
L_0x5576bf137410 .part L_0x7f534207a018, 0, 1;
L_0x5576bf1384e0 .part v0x5576bf10e100_0, 0, 8;
L_0x5576bf1385d0 .part L_0x7f534207a258, 0, 1;
L_0x5576bf1386b0 .part L_0x5576bf138290, 0, 7;
L_0x5576bf138830 .part L_0x5576bf138290, 7, 5;
L_0x5576bf138920 .part L_0x5576bf138290, 15, 5;
L_0x5576bf138a10 .part L_0x5576bf138290, 20, 5;
L_0x5576bf13b130 .part v0x5576bf0c5b70_0, 4, 1;
L_0x5576bf13b1d0 .part v0x5576bf0c5b70_0, 0, 2;
L_0x5576bf13b700 .part L_0x5576bf138290, 30, 1;
L_0x5576bf13b7d0 .part L_0x5576bf138290, 12, 3;
L_0x5576bf13b920 .concat [ 3 1 0 0], L_0x5576bf13b7d0, L_0x5576bf13b700;
L_0x5576bf13b9c0 .part v0x5576bf0c5b70_0, 8, 3;
L_0x5576bf13cb50 .part v0x5576bf0c3cd0_0, 0, 8;
L_0x5576bf13cbf0 .part v0x5576bf0c5b70_0, 6, 1;
S_0x5576bf0f2570 .scope module, "CU" "controlUnit" 2 76, 3 1 0, S_0x5576bf0c3220;
 .timescale 0 0;
    .port_info 0 /INPUT 7 "opcode"
    .port_info 1 /OUTPUT 11 "signals"
v0x5576bf0c5a70_0 .net "opcode", 6 0, L_0x5576bf1386b0;  alias, 1 drivers
v0x5576bf0c5b70_0 .var "signals", 10 0;
E_0x5576bf0f6ff0 .event edge, v0x5576bf0c5a70_0;
S_0x5576bf108fb0 .scope module, "alu" "alu" 2 87, 4 1 0, S_0x5576bf0c3220;
 .timescale 0 0;
    .port_info 0 /INPUT 32 "dataA"
    .port_info 1 /INPUT 32 "dataB"
    .port_info 2 /INPUT 4 "func"
    .port_info 3 /INPUT 3 "aluOp"
    .port_info 4 /OUTPUT 32 "aluResult"
    .port_info 5 /OUTPUT 1 "branchFromAlu"
P_0x5576bf109180 .param/l "width" 0 4 1, +C4<00000000000000000000000000100000>;
L_0x5576bf0732c0 .functor AND 32, v0x5576bf125730_0, v0x5576bf1264e0_0, C4<11111111111111111111111111111111>, C4<11111111111111111111111111111111>;
L_0x5576bf07ba50 .functor OR 32, v0x5576bf125730_0, v0x5576bf1264e0_0, C4<00000000000000000000000000000000>, C4<00000000000000000000000000000000>;
L_0x5576bf0580a0 .functor XOR 32, v0x5576bf125730_0, v0x5576bf1264e0_0, C4<00000000000000000000000000000000>, C4<00000000000000000000000000000000>;
v0x5576bf0c4c20_0 .net "add", 31 0, L_0x5576bf13b4b0;  1 drivers
v0x5576bf0c3bd0_0 .net "aluOp", 2 0, L_0x5576bf13b9c0;  1 drivers
v0x5576bf0c3cd0_0 .var "aluResult", 31 0;
v0x5576bf0c08c0_0 .net "andd", 31 0, L_0x5576bf0732c0;  1 drivers
v0x5576bf109400_0 .var "branchFromAlu", 0 0;
v0x5576bf109510_0 .net "dataA", 31 0, v0x5576bf125730_0;  alias, 1 drivers
v0x5576bf1095f0_0 .net "dataB", 31 0, v0x5576bf1264e0_0;  1 drivers
v0x5576bf1096d0_0 .net "func", 3 0, L_0x5576bf13b920;  1 drivers
v0x5576bf1097b0_0 .net "func3", 2 0, L_0x5576bf13b2e0;  1 drivers
v0x5576bf109890_0 .net "func7", 0 0, L_0x5576bf13b3e0;  1 drivers
v0x5576bf109950_0 .net "orr", 31 0, L_0x5576bf07ba50;  1 drivers
v0x5576bf109a30_0 .net "sub", 31 0, L_0x5576bf13b5a0;  1 drivers
v0x5576bf109b10_0 .net "xorr", 31 0, L_0x5576bf0580a0;  1 drivers
E_0x5576bf109260/0 .event edge, v0x5576bf0c3bd0_0, v0x5576bf0c4c20_0, v0x5576bf109a30_0, v0x5576bf1097b0_0;
E_0x5576bf109260/1 .event edge, v0x5576bf109890_0, v0x5576bf109950_0, v0x5576bf109b10_0, v0x5576bf0c08c0_0;
E_0x5576bf109260/2 .event edge, v0x5576bf109510_0, v0x5576bf1095f0_0;
E_0x5576bf109260 .event/or E_0x5576bf109260/0, E_0x5576bf109260/1, E_0x5576bf109260/2;
L_0x5576bf13b2e0 .part L_0x5576bf13b920, 0, 3;
L_0x5576bf13b3e0 .part L_0x5576bf13b920, 3, 1;
L_0x5576bf13b4b0 .arith/sum 32, v0x5576bf125730_0, v0x5576bf1264e0_0;
L_0x5576bf13b5a0 .arith/sub 32, v0x5576bf125730_0, v0x5576bf1264e0_0;
S_0x5576bf109cf0 .scope module, "dmem" "DataRAM" 2 105, 2 170 0, S_0x5576bf0c3220;
 .timescale 0 0;
    .port_info 0 /OUTPUT 32 "DOUT"
    .port_info 1 /INPUT 8 "ADDR"
    .port_info 2 /INPUT 32 "DIN"
    .port_info 3 /INPUT 1 "wren"
    .port_info 4 /INPUT 1 "clear"
    .port_info 5 /INPUT 1 "clk"
P_0x5576bf0f4480 .param/l "addrWidth" 0 2 170, +C4<00000000000000000000000000001000>;
P_0x5576bf0f44c0 .param/l "width" 0 2 170, +C4<00000000000000000000000000001000>;
v0x5576bf10a0a0_0 .net "ADDR", 7 0, L_0x5576bf13cb50;  1 drivers
v0x5576bf10a1a0_0 .net "DIN", 31 0, v0x5576bf1257d0_0;  alias, 1 drivers
v0x5576bf10a280_0 .net "DOUT", 31 0, L_0x5576bf13c8b0;  alias, 1 drivers
v0x5576bf10a340 .array "MEM", 0 255, 7 0;
v0x5576bf10a400_0 .net *"_s0", 7 0, L_0x5576bf13baf0;  1 drivers
v0x5576bf10a530_0 .net *"_s10", 7 0, L_0x5576bf13be80;  1 drivers
v0x5576bf10a610_0 .net *"_s12", 32 0, L_0x5576bf13bf50;  1 drivers
L_0x7f534207a378 .functor BUFT 1, C4<0000000000000000000000000>, C4<0>, C4<0>, C4<0>;
v0x5576bf10a6f0_0 .net *"_s15", 24 0, L_0x7f534207a378;  1 drivers
L_0x7f534207a3c0 .functor BUFT 1, C4<000000000000000000000000000000010>, C4<0>, C4<0>, C4<0>;
v0x5576bf10a7d0_0 .net/2u *"_s16", 32 0, L_0x7f534207a3c0;  1 drivers
v0x5576bf10a8b0_0 .net *"_s18", 32 0, L_0x5576bf13c090;  1 drivers
v0x5576bf10a990_0 .net *"_s2", 32 0, L_0x5576bf13bbc0;  1 drivers
v0x5576bf10aa70_0 .net *"_s20", 7 0, L_0x5576bf13c260;  1 drivers
v0x5576bf10ab50_0 .net *"_s22", 32 0, L_0x5576bf13c300;  1 drivers
L_0x7f534207a408 .functor BUFT 1, C4<0000000000000000000000000>, C4<0>, C4<0>, C4<0>;
v0x5576bf10ac30_0 .net *"_s25", 24 0, L_0x7f534207a408;  1 drivers
L_0x7f534207a450 .functor BUFT 1, C4<000000000000000000000000000000001>, C4<0>, C4<0>, C4<0>;
v0x5576bf10ad10_0 .net/2u *"_s26", 32 0, L_0x7f534207a450;  1 drivers
v0x5576bf10adf0_0 .net *"_s28", 32 0, L_0x5576bf13c440;  1 drivers
v0x5576bf10aed0_0 .net *"_s30", 7 0, L_0x5576bf13c5d0;  1 drivers
v0x5576bf10afb0_0 .net *"_s32", 9 0, L_0x5576bf13c670;  1 drivers
L_0x7f534207a498 .functor BUFT 1, C4<00>, C4<0>, C4<0>, C4<0>;
v0x5576bf10b090_0 .net *"_s35", 1 0, L_0x7f534207a498;  1 drivers
L_0x7f534207a2e8 .functor BUFT 1, C4<0000000000000000000000000>, C4<0>, C4<0>, C4<0>;
v0x5576bf10b170_0 .net *"_s5", 24 0, L_0x7f534207a2e8;  1 drivers
L_0x7f534207a330 .functor BUFT 1, C4<000000000000000000000000000000011>, C4<0>, C4<0>, C4<0>;
v0x5576bf10b250_0 .net/2u *"_s6", 32 0, L_0x7f534207a330;  1 drivers
v0x5576bf10b330_0 .net *"_s8", 32 0, L_0x5576bf13bcf0;  1 drivers
v0x5576bf10b410_0 .net "clear", 0 0, L_0x5576bf1271f0;  alias, 1 drivers
v0x5576bf10b4d0_0 .net "clk", 0 0, L_0x5576bf127120;  alias, 1 drivers
v0x5576bf10b590_0 .var/i "i", 31 0;
v0x5576bf10b670_0 .net "wren", 0 0, L_0x5576bf13cbf0;  1 drivers
E_0x5576bf10a040 .event posedge, v0x5576bf10b4d0_0;
L_0x5576bf13baf0 .array/port v0x5576bf10a340, L_0x5576bf13bcf0;
L_0x5576bf13bbc0 .concat [ 8 25 0 0], L_0x5576bf13cb50, L_0x7f534207a2e8;
L_0x5576bf13bcf0 .arith/sum 33, L_0x5576bf13bbc0, L_0x7f534207a330;
L_0x5576bf13be80 .array/port v0x5576bf10a340, L_0x5576bf13c090;
L_0x5576bf13bf50 .concat [ 8 25 0 0], L_0x5576bf13cb50, L_0x7f534207a378;
L_0x5576bf13c090 .arith/sum 33, L_0x5576bf13bf50, L_0x7f534207a3c0;
L_0x5576bf13c260 .array/port v0x5576bf10a340, L_0x5576bf13c440;
L_0x5576bf13c300 .concat [ 8 25 0 0], L_0x5576bf13cb50, L_0x7f534207a408;
L_0x5576bf13c440 .arith/sum 33, L_0x5576bf13c300, L_0x7f534207a450;
L_0x5576bf13c5d0 .array/port v0x5576bf10a340, L_0x5576bf13c670;
L_0x5576bf13c670 .concat [ 8 2 0 0], L_0x5576bf13cb50, L_0x7f534207a498;
L_0x5576bf13c8b0 .concat [ 8 8 8 8], L_0x5576bf13c5d0, L_0x5576bf13c260, L_0x5576bf13be80, L_0x5576bf13baf0;
S_0x5576bf10b830 .scope module, "imem" "IRAM" 2 38, 2 124 0, S_0x5576bf0c3220;
 .timescale 0 0;
    .port_info 0 /OUTPUT 32 "DOUT"
    .port_info 1 /INPUT 8 "ADDR"
    .port_info 2 /INPUT 32 "DIN"
    .port_info 3 /INPUT 1 "wren"
    .port_info 4 /INPUT 1 "clear"
    .port_info 5 /INPUT 1 "clk"
P_0x5576bf109ec0 .param/l "addrWidth" 0 2 124, +C4<00000000000000000000000000001000>;
P_0x5576bf109f00 .param/l "width" 0 2 124, +C4<00000000000000000000000000001000>;
v0x5576bf10bb80_0 .net "ADDR", 7 0, L_0x5576bf1384e0;  1 drivers
o0x7f53420c3a68 .functor BUFZ 32, C4<zzzzzzzzzzzzzzzzzzzzzzzzzzzzzzzz>; HiZ drive
v0x5576bf10bc80_0 .net "DIN", 31 0, o0x7f53420c3a68;  0 drivers
v0x5576bf10bd60_0 .net "DOUT", 31 0, L_0x5576bf138290;  alias, 1 drivers
v0x5576bf10be20 .array "MEM", 0 255, 7 0;
v0x5576bf10bee0_0 .net *"_s0", 7 0, L_0x5576bf137560;  1 drivers
v0x5576bf10c010_0 .net *"_s10", 7 0, L_0x5576bf137950;  1 drivers
v0x5576bf10c0f0_0 .net *"_s12", 32 0, L_0x5576bf137a20;  1 drivers
L_0x7f534207a0f0 .functor BUFT 1, C4<0000000000000000000000000>, C4<0>, C4<0>, C4<0>;
v0x5576bf10c1d0_0 .net *"_s15", 24 0, L_0x7f534207a0f0;  1 drivers
L_0x7f534207a138 .functor BUFT 1, C4<000000000000000000000000000000010>, C4<0>, C4<0>, C4<0>;
v0x5576bf10c2b0_0 .net/2u *"_s16", 32 0, L_0x7f534207a138;  1 drivers
v0x5576bf10c390_0 .net *"_s18", 32 0, L_0x5576bf137bb0;  1 drivers
v0x5576bf10c470_0 .net *"_s2", 32 0, L_0x5576bf137660;  1 drivers
v0x5576bf10c550_0 .net *"_s20", 7 0, L_0x5576bf137d80;  1 drivers
v0x5576bf10c630_0 .net *"_s22", 32 0, L_0x5576bf137e20;  1 drivers
L_0x7f534207a180 .functor BUFT 1, C4<0000000000000000000000000>, C4<0>, C4<0>, C4<0>;
v0x5576bf10c710_0 .net *"_s25", 24 0, L_0x7f534207a180;  1 drivers
L_0x7f534207a1c8 .functor BUFT 1, C4<000000000000000000000000000000001>, C4<0>, C4<0>, C4<0>;
v0x5576bf10c7f0_0 .net/2u *"_s26", 32 0, L_0x7f534207a1c8;  1 drivers
v0x5576bf10c8d0_0 .net *"_s28", 32 0, L_0x5576bf137f60;  1 drivers
v0x5576bf10c9b0_0 .net *"_s30", 7 0, L_0x5576bf1380f0;  1 drivers
v0x5576bf10ca90_0 .net *"_s32", 9 0, L_0x5576bf1381f0;  1 drivers
L_0x7f534207a210 .functor BUFT 1, C4<00>, C4<0>, C4<0>, C4<0>;
v0x5576bf10cb70_0 .net *"_s35", 1 0, L_0x7f534207a210;  1 drivers
L_0x7f534207a060 .functor BUFT 1, C4<0000000000000000000000000>, C4<0>, C4<0>, C4<0>;
v0x5576bf10cc50_0 .net *"_s5", 24 0, L_0x7f534207a060;  1 drivers
L_0x7f534207a0a8 .functor BUFT 1, C4<000000000000000000000000000000011>, C4<0>, C4<0>, C4<0>;
v0x5576bf10cd30_0 .net/2u *"_s6", 32 0, L_0x7f534207a0a8;  1 drivers
v0x5576bf10ce10_0 .net *"_s8", 32 0, L_0x5576bf1377c0;  1 drivers
v0x5576bf10cef0_0 .net "clear", 0 0, L_0x5576bf1271f0;  alias, 1 drivers
v0x5576bf10cf90_0 .net "clk", 0 0, L_0x5576bf127120;  alias, 1 drivers
v0x5576bf10d060_0 .var/i "i", 31 0;
v0x5576bf10d100_0 .net "wren", 0 0, L_0x5576bf1385d0;  1 drivers
L_0x5576bf137560 .array/port v0x5576bf10be20, L_0x5576bf1377c0;
L_0x5576bf137660 .concat [ 8 25 0 0], L_0x5576bf1384e0, L_0x7f534207a060;
L_0x5576bf1377c0 .arith/sum 33, L_0x5576bf137660, L_0x7f534207a0a8;
L_0x5576bf137950 .array/port v0x5576bf10be20, L_0x5576bf137bb0;
L_0x5576bf137a20 .concat [ 8 25 0 0], L_0x5576bf1384e0, L_0x7f534207a0f0;
L_0x5576bf137bb0 .arith/sum 33, L_0x5576bf137a20, L_0x7f534207a138;
L_0x5576bf137d80 .array/port v0x5576bf10be20, L_0x5576bf137f60;
L_0x5576bf137e20 .concat [ 8 25 0 0], L_0x5576bf1384e0, L_0x7f534207a180;
L_0x5576bf137f60 .arith/sum 33, L_0x5576bf137e20, L_0x7f534207a1c8;
L_0x5576bf1380f0 .array/port v0x5576bf10be20, L_0x5576bf1381f0;
L_0x5576bf1381f0 .concat [ 8 2 0 0], L_0x5576bf1384e0, L_0x7f534207a210;
L_0x5576bf138290 .concat [ 8 8 8 8], L_0x5576bf1380f0, L_0x5576bf137d80, L_0x5576bf137950, L_0x5576bf137560;
S_0x5576bf10d2c0 .scope module, "immGen" "immGen" 2 68, 5 1 0, S_0x5576bf0c3220;
 .timescale 0 0;
    .port_info 0 /INPUT 32 "I"
    .port_info 1 /INPUT 2 "immSel"
    .port_info 2 /OUTPUT 32 "imm"
P_0x5576bf10d490 .param/l "width" 0 5 1, +C4<00000000000000000000000000100000>;
v0x5576bf10d5e0_0 .net "I", 31 0, L_0x5576bf138290;  alias, 1 drivers
v0x5576bf10d6f0_0 .var/i "i", 31 0;
v0x5576bf10d7b0_0 .var "imm", 31 0;
v0x5576bf10d8a0_0 .net "immSel", 1 0, L_0x5576bf13b1d0;  1 drivers
E_0x5576bf109220 .event edge, v0x5576bf10bd60_0, v0x5576bf10d8a0_0;
S_0x5576bf10da00 .scope module, "pc" "register" 2 16, 6 36 0, S_0x5576bf0c3220;
 .timescale 0 0;
    .port_info 0 /INPUT 32 "data"
    .port_info 1 /INPUT 1 "enable"
    .port_info 2 /INPUT 1 "clock"
    .port_info 3 /INPUT 1 "clear"
    .port_info 4 /OUTPUT 32 "out"
P_0x5576bf10dbd0 .param/l "width" 0 6 36, +C4<00000000000000000000000000100000>;
v0x5576bf10ddb0_0 .net "clear", 0 0, L_0x5576bf1271f0;  alias, 1 drivers
v0x5576bf10dec0_0 .net "clock", 0 0, L_0x5576bf06bcc0;  1 drivers
v0x5576bf10df80_0 .net "data", 31 0, v0x5576bf126dc0_0;  1 drivers
v0x5576bf10e040_0 .net "enable", 0 0, L_0x5576bf137410;  1 drivers
v0x5576bf10e100_0 .var "out", 31 0;
E_0x5576bf10dd50/0 .event negedge, v0x5576bf10b410_0;
E_0x5576bf10dd50/1 .event posedge, v0x5576bf10dec0_0;
E_0x5576bf10dd50 .event/or E_0x5576bf10dd50/0, E_0x5576bf10dd50/1;
S_0x5576bf10e2d0 .scope module, "rf" "regFile" 2 56, 6 1 0, S_0x5576bf0c3220;
 .timescale 0 0;
    .port_info 0 /INPUT 1 "clock"
    .port_info 1 /INPUT 1 "clear"
    .port_info 2 /INPUT 1 "regWriteEnable"
    .port_info 3 /INPUT 5 "addrA"
    .port_info 4 /INPUT 5 "addrB"
    .port_info 5 /INPUT 5 "addrD"
    .port_info 6 /INPUT 32 "dataD"
    .port_info 7 /OUTPUT 32 "dataA"
    .port_info 8 /OUTPUT 32 "dataB"
P_0x5576bf10ba00 .param/l "addrWidth" 0 6 1, +C4<00000000000000000000000000000101>;
P_0x5576bf10ba40 .param/l "width" 0 6 1, +C4<00000000000000000000000000100000>;
v0x5576bf1247f0_0 .var "Rin", 31 0;
v0x5576bf1248f0 .array "Rout", 31 0;
v0x5576bf1248f0_0 .net v0x5576bf1248f0 0, 31 0, v0x5576bf124620_0; 1 drivers
v0x5576bf1248f0_1 .net v0x5576bf1248f0 1, 31 0, v0x5576bf10f2b0_0; 1 drivers
v0x5576bf1248f0_2 .net v0x5576bf1248f0 2, 31 0, v0x5576bf10fdc0_0; 1 drivers
v0x5576bf1248f0_3 .net v0x5576bf1248f0 3, 31 0, v0x5576bf1108f0_0; 1 drivers
v0x5576bf1248f0_4 .net v0x5576bf1248f0 4, 31 0, v0x5576bf111370_0; 1 drivers
v0x5576bf1248f0_5 .net v0x5576bf1248f0 5, 31 0, v0x5576bf111ed0_0; 1 drivers
v0x5576bf1248f0_6 .net v0x5576bf1248f0 6, 31 0, v0x5576bf112a80_0; 1 drivers
v0x5576bf1248f0_7 .net v0x5576bf1248f0 7, 31 0, v0x5576bf113530_0; 1 drivers
v0x5576bf1248f0_8 .net v0x5576bf1248f0 8, 31 0, v0x5576bf113fe0_0; 1 drivers
v0x5576bf1248f0_9 .net v0x5576bf1248f0 9, 31 0, v0x5576bf114c60_0; 1 drivers
v0x5576bf1248f0_10 .net v0x5576bf1248f0 10, 31 0, v0x5576bf115710_0; 1 drivers
v0x5576bf1248f0_11 .net v0x5576bf1248f0 11, 31 0, v0x5576bf1161c0_0; 1 drivers
v0x5576bf1248f0_12 .net v0x5576bf1248f0 12, 31 0, v0x5576bf116c70_0; 1 drivers
v0x5576bf1248f0_13 .net v0x5576bf1248f0 13, 31 0, v0x5576bf117720_0; 1 drivers
v0x5576bf1248f0_14 .net v0x5576bf1248f0 14, 31 0, v0x5576bf1181d0_0; 1 drivers
v0x5576bf1248f0_15 .net v0x5576bf1248f0 15, 31 0, v0x5576bf118c80_0; 1 drivers
v0x5576bf1248f0_16 .net v0x5576bf1248f0 16, 31 0, v0x5576bf119730_0; 1 drivers
v0x5576bf1248f0_17 .net v0x5576bf1248f0 17, 31 0, v0x5576bf11a3f0_0; 1 drivers
v0x5576bf1248f0_18 .net v0x5576bf1248f0 18, 31 0, v0x5576bf11aea0_0; 1 drivers
v0x5576bf1248f0_19 .net v0x5576bf1248f0 19, 31 0, v0x5576bf11b950_0; 1 drivers
v0x5576bf1248f0_20 .net v0x5576bf1248f0 20, 31 0, v0x5576bf11c400_0; 1 drivers
v0x5576bf1248f0_21 .net v0x5576bf1248f0 21, 31 0, v0x5576bf11ceb0_0; 1 drivers
v0x5576bf1248f0_22 .net v0x5576bf1248f0 22, 31 0, v0x5576bf11d960_0; 1 drivers
v0x5576bf1248f0_23 .net v0x5576bf1248f0 23, 31 0, v0x5576bf11e410_0; 1 drivers
v0x5576bf1248f0_24 .net v0x5576bf1248f0 24, 31 0, v0x5576bf11eec0_0; 1 drivers
v0x5576bf1248f0_25 .net v0x5576bf1248f0 25, 31 0, v0x5576bf11f970_0; 1 drivers
v0x5576bf1248f0_26 .net v0x5576bf1248f0 26, 31 0, v0x5576bf120420_0; 1 drivers
v0x5576bf1248f0_27 .net v0x5576bf1248f0 27, 31 0, v0x5576bf120ed0_0; 1 drivers
v0x5576bf1248f0_28 .net v0x5576bf1248f0 28, 31 0, v0x5576bf121980_0; 1 drivers
v0x5576bf1248f0_29 .net v0x5576bf1248f0 29, 31 0, v0x5576bf122430_0; 1 drivers
v0x5576bf1248f0_30 .net v0x5576bf1248f0 30, 31 0, v0x5576bf1232f0_0; 1 drivers
v0x5576bf1248f0_31 .net v0x5576bf1248f0 31, 31 0, v0x5576bf123da0_0; 1 drivers
v0x5576bf124f80_0 .net "addrA", 4 0, L_0x5576bf138920;  alias, 1 drivers
v0x5576bf125050_0 .net "addrB", 4 0, L_0x5576bf138a10;  alias, 1 drivers
v0x5576bf1250f0_0 .net "addrD", 4 0, L_0x5576bf138830;  alias, 1 drivers
v0x5576bf1251e0_0 .net "clear", 0 0, L_0x5576bf1271f0;  alias, 1 drivers
v0x5576bf125280_0 .net "clock", 0 0, L_0x5576bf139540;  1 drivers
v0x5576bf125730_0 .var "dataA", 31 0;
v0x5576bf1257d0_0 .var "dataB", 31 0;
v0x5576bf1258a0_0 .net "dataD", 31 0, v0x5576bf126a70_0;  1 drivers
v0x5576bf125d50_0 .net "regWriteEnable", 0 0, L_0x5576bf13b130;  1 drivers
E_0x5576bf10e730/0 .event edge, v0x5576bf124f80_0, v0x5576bf124620_0, v0x5576bf10f2b0_0, v0x5576bf10fdc0_0;
E_0x5576bf10e730/1 .event edge, v0x5576bf1108f0_0, v0x5576bf111370_0, v0x5576bf111ed0_0, v0x5576bf112a80_0;
E_0x5576bf10e730/2 .event edge, v0x5576bf113530_0, v0x5576bf113fe0_0, v0x5576bf114c60_0, v0x5576bf115710_0;
E_0x5576bf10e730/3 .event edge, v0x5576bf1161c0_0, v0x5576bf116c70_0, v0x5576bf117720_0, v0x5576bf1181d0_0;
E_0x5576bf10e730/4 .event edge, v0x5576bf118c80_0, v0x5576bf119730_0, v0x5576bf11a3f0_0, v0x5576bf11aea0_0;
E_0x5576bf10e730/5 .event edge, v0x5576bf11b950_0, v0x5576bf11c400_0, v0x5576bf11ceb0_0, v0x5576bf11d960_0;
E_0x5576bf10e730/6 .event edge, v0x5576bf11e410_0, v0x5576bf11eec0_0, v0x5576bf11f970_0, v0x5576bf120420_0;
E_0x5576bf10e730/7 .event edge, v0x5576bf120ed0_0, v0x5576bf121980_0, v0x5576bf122430_0, v0x5576bf1232f0_0;
E_0x5576bf10e730/8 .event edge, v0x5576bf123da0_0, v0x5576bf125050_0, v0x5576bf125d50_0, v0x5576bf1250f0_0;
E_0x5576bf10e730 .event/or E_0x5576bf10e730/0, E_0x5576bf10e730/1, E_0x5576bf10e730/2, E_0x5576bf10e730/3, E_0x5576bf10e730/4, E_0x5576bf10e730/5, E_0x5576bf10e730/6, E_0x5576bf10e730/7, E_0x5576bf10e730/8;
L_0x5576bf138b00 .part v0x5576bf1247f0_0, 1, 1;
L_0x5576bf138ba0 .part v0x5576bf1247f0_0, 2, 1;
L_0x5576bf138c40 .part v0x5576bf1247f0_0, 3, 1;
L_0x5576bf138ce0 .part v0x5576bf1247f0_0, 4, 1;
L_0x5576bf138e10 .part v0x5576bf1247f0_0, 5, 1;
L_0x5576bf138eb0 .part v0x5576bf1247f0_0, 6, 1;
L_0x5576bf138f90 .part v0x5576bf1247f0_0, 7, 1;
L_0x5576bf139030 .part v0x5576bf1247f0_0, 8, 1;
L_0x5576bf139230 .part v0x5576bf1247f0_0, 9, 1;
L_0x5576bf1392d0 .part v0x5576bf1247f0_0, 10, 1;
L_0x5576bf1393d0 .part v0x5576bf1247f0_0, 11, 1;
L_0x5576bf139470 .part v0x5576bf1247f0_0, 12, 1;
L_0x5576bf1395b0 .part v0x5576bf1247f0_0, 13, 1;
L_0x5576bf139680 .part v0x5576bf1247f0_0, 14, 1;
L_0x5576bf1397d0 .part v0x5576bf1247f0_0, 15, 1;
L_0x5576bf1398a0 .part v0x5576bf1247f0_0, 16, 1;
L_0x5576bf139a00 .part v0x5576bf1247f0_0, 17, 1;
L_0x5576bf139ad0 .part v0x5576bf1247f0_0, 18, 1;
L_0x5576bf139c40 .part v0x5576bf1247f0_0, 19, 1;
L_0x5576bf139d10 .part v0x5576bf1247f0_0, 20, 1;
L_0x5576bf139ba0 .part v0x5576bf1247f0_0, 21, 1;
L_0x5576bf139ec0 .part v0x5576bf1247f0_0, 22, 1;
L_0x5576bf13a050 .part v0x5576bf1247f0_0, 23, 1;
L_0x5576bf13a120 .part v0x5576bf1247f0_0, 24, 1;
L_0x5576bf13a2c0 .part v0x5576bf1247f0_0, 25, 1;
L_0x5576bf13a390 .part v0x5576bf1247f0_0, 26, 1;
L_0x5576bf13a540 .part v0x5576bf1247f0_0, 27, 1;
L_0x5576bf13a610 .part v0x5576bf1247f0_0, 28, 1;
L_0x5576bf13a7d0 .part v0x5576bf1247f0_0, 29, 1;
L_0x5576bf13a8a0 .part v0x5576bf1247f0_0, 30, 1;
L_0x5576bf13aa70 .part v0x5576bf1247f0_0, 31, 1;
L_0x5576bf13ab40 .part v0x5576bf1247f0_0, 0, 1;
S_0x5576bf10e8c0 .scope generate, "r[1]" "r[1]" 6 20, 6 20 0, S_0x5576bf10e2d0;
 .timescale 0 0;
P_0x5576bf10ead0 .param/l "i" 0 6 20, +C4<01>;
S_0x5576bf10ebb0 .scope module, "r" "register" 6 21, 6 36 0, S_0x5576bf10e8c0;
 .timescale 0 0;
    .port_info 0 /INPUT 32 "data"
    .port_info 1 /INPUT 1 "enable"
    .port_info 2 /INPUT 1 "clock"
    .port_info 3 /INPUT 1 "clear"
    .port_info 4 /OUTPUT 32 "out"
P_0x5576bf10ed80 .param/l "width" 0 6 36, +C4<00000000000000000000000000100000>;
v0x5576bf10ef80_0 .net "clear", 0 0, L_0x5576bf1271f0;  alias, 1 drivers
v0x5576bf10f040_0 .net "clock", 0 0, L_0x5576bf139540;  alias, 1 drivers
v0x5576bf10f100_0 .net "data", 31 0, v0x5576bf126a70_0;  alias, 1 drivers
v0x5576bf10f1f0_0 .net "enable", 0 0, L_0x5576bf138b00;  1 drivers
v0x5576bf10f2b0_0 .var "out", 31 0;
E_0x5576bf10ef00/0 .event negedge, v0x5576bf10b410_0;
E_0x5576bf10ef00/1 .event posedge, v0x5576bf10f040_0;
E_0x5576bf10ef00 .event/or E_0x5576bf10ef00/0, E_0x5576bf10ef00/1;
S_0x5576bf10f480 .scope generate, "r[2]" "r[2]" 6 20, 6 20 0, S_0x5576bf10e2d0;
 .timescale 0 0;
P_0x5576bf10f690 .param/l "i" 0 6 20, +C4<010>;
S_0x5576bf10f750 .scope module, "r" "register" 6 21, 6 36 0, S_0x5576bf10f480;
 .timescale 0 0;
    .port_info 0 /INPUT 32 "data"
    .port_info 1 /INPUT 1 "enable"
    .port_info 2 /INPUT 1 "clock"
    .port_info 3 /INPUT 1 "clear"
    .port_info 4 /OUTPUT 32 "out"
P_0x5576bf10f920 .param/l "width" 0 6 36, +C4<00000000000000000000000000100000>;
v0x5576bf10fa70_0 .net "clear", 0 0, L_0x5576bf1271f0;  alias, 1 drivers
v0x5576bf10fb30_0 .net "clock", 0 0, L_0x5576bf139540;  alias, 1 drivers
v0x5576bf10fc20_0 .net "data", 31 0, v0x5576bf126a70_0;  alias, 1 drivers
v0x5576bf10fd20_0 .net "enable", 0 0, L_0x5576bf138ba0;  1 drivers
v0x5576bf10fdc0_0 .var "out", 31 0;
S_0x5576bf10ff00 .scope generate, "r[3]" "r[3]" 6 20, 6 20 0, S_0x5576bf10e2d0;
 .timescale 0 0;
P_0x5576bf1100f0 .param/l "i" 0 6 20, +C4<011>;
S_0x5576bf1101b0 .scope module, "r" "register" 6 21, 6 36 0, S_0x5576bf10ff00;
 .timescale 0 0;
    .port_info 0 /INPUT 32 "data"
    .port_info 1 /INPUT 1 "enable"
    .port_info 2 /INPUT 1 "clock"
    .port_info 3 /INPUT 1 "clear"
    .port_info 4 /OUTPUT 32 "out"
P_0x5576bf110380 .param/l "width" 0 6 36, +C4<00000000000000000000000000100000>;
v0x5576bf110590_0 .net "clear", 0 0, L_0x5576bf1271f0;  alias, 1 drivers
v0x5576bf110650_0 .net "clock", 0 0, L_0x5576bf139540;  alias, 1 drivers
v0x5576bf110760_0 .net "data", 31 0, v0x5576bf126a70_0;  alias, 1 drivers
v0x5576bf110850_0 .net "enable", 0 0, L_0x5576bf138c40;  1 drivers
v0x5576bf1108f0_0 .var "out", 31 0;
S_0x5576bf110ac0 .scope generate, "r[4]" "r[4]" 6 20, 6 20 0, S_0x5576bf10e2d0;
 .timescale 0 0;
P_0x5576bf110cb0 .param/l "i" 0 6 20, +C4<0100>;
S_0x5576bf110d90 .scope module, "r" "register" 6 21, 6 36 0, S_0x5576bf110ac0;
 .timescale 0 0;
    .port_info 0 /INPUT 32 "data"
    .port_info 1 /INPUT 1 "enable"
    .port_info 2 /INPUT 1 "clock"
    .port_info 3 /INPUT 1 "clear"
    .port_info 4 /OUTPUT 32 "out"
P_0x5576bf110f60 .param/l "width" 0 6 36, +C4<00000000000000000000000000100000>;
v0x5576bf111080_0 .net "clear", 0 0, L_0x5576bf1271f0;  alias, 1 drivers
v0x5576bf111140_0 .net "clock", 0 0, L_0x5576bf139540;  alias, 1 drivers
v0x5576bf111200_0 .net "data", 31 0, v0x5576bf126a70_0;  alias, 1 drivers
v0x5576bf1112d0_0 .net "enable", 0 0, L_0x5576bf138ce0;  1 drivers
v0x5576bf111370_0 .var "out", 31 0;
S_0x5576bf111540 .scope generate, "r[5]" "r[5]" 6 20, 6 20 0, S_0x5576bf10e2d0;
 .timescale 0 0;
P_0x5576bf111780 .param/l "i" 0 6 20, +C4<0101>;
S_0x5576bf111860 .scope module, "r" "register" 6 21, 6 36 0, S_0x5576bf111540;
 .timescale 0 0;
    .port_info 0 /INPUT 32 "data"
    .port_info 1 /INPUT 1 "enable"
    .port_info 2 /INPUT 1 "clock"
    .port_info 3 /INPUT 1 "clear"
    .port_info 4 /OUTPUT 32 "out"
P_0x5576bf111a30 .param/l "width" 0 6 36, +C4<00000000000000000000000000100000>;
v0x5576bf111b50_0 .net "clear", 0 0, L_0x5576bf1271f0;  alias, 1 drivers
v0x5576bf111c10_0 .net "clock", 0 0, L_0x5576bf139540;  alias, 1 drivers
v0x5576bf111cd0_0 .net "data", 31 0, v0x5576bf126a70_0;  alias, 1 drivers
v0x5576bf111e30_0 .net "enable", 0 0, L_0x5576bf138e10;  1 drivers
v0x5576bf111ed0_0 .var "out", 31 0;
S_0x5576bf112050 .scope generate, "r[6]" "r[6]" 6 20, 6 20 0, S_0x5576bf10e2d0;
 .timescale 0 0;
P_0x5576bf1121f0 .param/l "i" 0 6 20, +C4<0110>;
S_0x5576bf1122d0 .scope module, "r" "register" 6 21, 6 36 0, S_0x5576bf112050;
 .timescale 0 0;
    .port_info 0 /INPUT 32 "data"
    .port_info 1 /INPUT 1 "enable"
    .port_info 2 /INPUT 1 "clock"
    .port_info 3 /INPUT 1 "clear"
    .port_info 4 /OUTPUT 32 "out"
P_0x5576bf1124a0 .param/l "width" 0 6 36, +C4<00000000000000000000000000100000>;
v0x5576bf112680_0 .net "clear", 0 0, L_0x5576bf1271f0;  alias, 1 drivers
v0x5576bf112850_0 .net "clock", 0 0, L_0x5576bf139540;  alias, 1 drivers
v0x5576bf112910_0 .net "data", 31 0, v0x5576bf126a70_0;  alias, 1 drivers
v0x5576bf1129e0_0 .net "enable", 0 0, L_0x5576bf138eb0;  1 drivers
v0x5576bf112a80_0 .var "out", 31 0;
S_0x5576bf112c50 .scope generate, "r[7]" "r[7]" 6 20, 6 20 0, S_0x5576bf10e2d0;
 .timescale 0 0;
P_0x5576bf112e40 .param/l "i" 0 6 20, +C4<0111>;
S_0x5576bf112f20 .scope module, "r" "register" 6 21, 6 36 0, S_0x5576bf112c50;
 .timescale 0 0;
    .port_info 0 /INPUT 32 "data"
    .port_info 1 /INPUT 1 "enable"
    .port_info 2 /INPUT 1 "clock"
    .port_info 3 /INPUT 1 "clear"
    .port_info 4 /OUTPUT 32 "out"
P_0x5576bf1130f0 .param/l "width" 0 6 36, +C4<00000000000000000000000000100000>;
v0x5576bf113240_0 .net "clear", 0 0, L_0x5576bf1271f0;  alias, 1 drivers
v0x5576bf113300_0 .net "clock", 0 0, L_0x5576bf139540;  alias, 1 drivers
v0x5576bf1133c0_0 .net "data", 31 0, v0x5576bf126a70_0;  alias, 1 drivers
v0x5576bf113490_0 .net "enable", 0 0, L_0x5576bf138f90;  1 drivers
v0x5576bf113530_0 .var "out", 31 0;
S_0x5576bf113700 .scope generate, "r[8]" "r[8]" 6 20, 6 20 0, S_0x5576bf10e2d0;
 .timescale 0 0;
P_0x5576bf1138f0 .param/l "i" 0 6 20, +C4<01000>;
S_0x5576bf1139d0 .scope module, "r" "register" 6 21, 6 36 0, S_0x5576bf113700;
 .timescale 0 0;
    .port_info 0 /INPUT 32 "data"
    .port_info 1 /INPUT 1 "enable"
    .port_info 2 /INPUT 1 "clock"
    .port_info 3 /INPUT 1 "clear"
    .port_info 4 /OUTPUT 32 "out"
P_0x5576bf113ba0 .param/l "width" 0 6 36, +C4<00000000000000000000000000100000>;
v0x5576bf113cf0_0 .net "clear", 0 0, L_0x5576bf1271f0;  alias, 1 drivers
v0x5576bf113db0_0 .net "clock", 0 0, L_0x5576bf139540;  alias, 1 drivers
v0x5576bf113e70_0 .net "data", 31 0, v0x5576bf126a70_0;  alias, 1 drivers
v0x5576bf113f40_0 .net "enable", 0 0, L_0x5576bf139030;  1 drivers
v0x5576bf113fe0_0 .var "out", 31 0;
S_0x5576bf1141b0 .scope generate, "r[9]" "r[9]" 6 20, 6 20 0, S_0x5576bf10e2d0;
 .timescale 0 0;
P_0x5576bf111730 .param/l "i" 0 6 20, +C4<01001>;
S_0x5576bf114430 .scope module, "r" "register" 6 21, 6 36 0, S_0x5576bf1141b0;
 .timescale 0 0;
    .port_info 0 /INPUT 32 "data"
    .port_info 1 /INPUT 1 "enable"
    .port_info 2 /INPUT 1 "clock"
    .port_info 3 /INPUT 1 "clear"
    .port_info 4 /OUTPUT 32 "out"
P_0x5576bf114600 .param/l "width" 0 6 36, +C4<00000000000000000000000000100000>;
v0x5576bf114750_0 .net "clear", 0 0, L_0x5576bf1271f0;  alias, 1 drivers
v0x5576bf114810_0 .net "clock", 0 0, L_0x5576bf139540;  alias, 1 drivers
v0x5576bf1149e0_0 .net "data", 31 0, v0x5576bf126a70_0;  alias, 1 drivers
v0x5576bf114bc0_0 .net "enable", 0 0, L_0x5576bf139230;  1 drivers
v0x5576bf114c60_0 .var "out", 31 0;
S_0x5576bf114e30 .scope generate, "r[10]" "r[10]" 6 20, 6 20 0, S_0x5576bf10e2d0;
 .timescale 0 0;
P_0x5576bf115020 .param/l "i" 0 6 20, +C4<01010>;
S_0x5576bf115100 .scope module, "r" "register" 6 21, 6 36 0, S_0x5576bf114e30;
 .timescale 0 0;
    .port_info 0 /INPUT 32 "data"
    .port_info 1 /INPUT 1 "enable"
    .port_info 2 /INPUT 1 "clock"
    .port_info 3 /INPUT 1 "clear"
    .port_info 4 /OUTPUT 32 "out"
P_0x5576bf1152d0 .param/l "width" 0 6 36, +C4<00000000000000000000000000100000>;
v0x5576bf115420_0 .net "clear", 0 0, L_0x5576bf1271f0;  alias, 1 drivers
v0x5576bf1154e0_0 .net "clock", 0 0, L_0x5576bf139540;  alias, 1 drivers
v0x5576bf1155a0_0 .net "data", 31 0, v0x5576bf126a70_0;  alias, 1 drivers
v0x5576bf115670_0 .net "enable", 0 0, L_0x5576bf1392d0;  1 drivers
v0x5576bf115710_0 .var "out", 31 0;
S_0x5576bf1158e0 .scope generate, "r[11]" "r[11]" 6 20, 6 20 0, S_0x5576bf10e2d0;
 .timescale 0 0;
P_0x5576bf115ad0 .param/l "i" 0 6 20, +C4<01011>;
S_0x5576bf115bb0 .scope module, "r" "register" 6 21, 6 36 0, S_0x5576bf1158e0;
 .timescale 0 0;
    .port_info 0 /INPUT 32 "data"
    .port_info 1 /INPUT 1 "enable"
    .port_info 2 /INPUT 1 "clock"
    .port_info 3 /INPUT 1 "clear"
    .port_info 4 /OUTPUT 32 "out"
P_0x5576bf115d80 .param/l "width" 0 6 36, +C4<00000000000000000000000000100000>;
v0x5576bf115ed0_0 .net "clear", 0 0, L_0x5576bf1271f0;  alias, 1 drivers
v0x5576bf115f90_0 .net "clock", 0 0, L_0x5576bf139540;  alias, 1 drivers
v0x5576bf116050_0 .net "data", 31 0, v0x5576bf126a70_0;  alias, 1 drivers
v0x5576bf116120_0 .net "enable", 0 0, L_0x5576bf1393d0;  1 drivers
v0x5576bf1161c0_0 .var "out", 31 0;
S_0x5576bf116390 .scope generate, "r[12]" "r[12]" 6 20, 6 20 0, S_0x5576bf10e2d0;
 .timescale 0 0;
P_0x5576bf116580 .param/l "i" 0 6 20, +C4<01100>;
S_0x5576bf116660 .scope module, "r" "register" 6 21, 6 36 0, S_0x5576bf116390;
 .timescale 0 0;
    .port_info 0 /INPUT 32 "data"
    .port_info 1 /INPUT 1 "enable"
    .port_info 2 /INPUT 1 "clock"
    .port_info 3 /INPUT 1 "clear"
    .port_info 4 /OUTPUT 32 "out"
P_0x5576bf116830 .param/l "width" 0 6 36, +C4<00000000000000000000000000100000>;
v0x5576bf116980_0 .net "clear", 0 0, L_0x5576bf1271f0;  alias, 1 drivers
v0x5576bf116a40_0 .net "clock", 0 0, L_0x5576bf139540;  alias, 1 drivers
v0x5576bf116b00_0 .net "data", 31 0, v0x5576bf126a70_0;  alias, 1 drivers
v0x5576bf116bd0_0 .net "enable", 0 0, L_0x5576bf139470;  1 drivers
v0x5576bf116c70_0 .var "out", 31 0;
S_0x5576bf116e40 .scope generate, "r[13]" "r[13]" 6 20, 6 20 0, S_0x5576bf10e2d0;
 .timescale 0 0;
P_0x5576bf117030 .param/l "i" 0 6 20, +C4<01101>;
S_0x5576bf117110 .scope module, "r" "register" 6 21, 6 36 0, S_0x5576bf116e40;
 .timescale 0 0;
    .port_info 0 /INPUT 32 "data"
    .port_info 1 /INPUT 1 "enable"
    .port_info 2 /INPUT 1 "clock"
    .port_info 3 /INPUT 1 "clear"
    .port_info 4 /OUTPUT 32 "out"
P_0x5576bf1172e0 .param/l "width" 0 6 36, +C4<00000000000000000000000000100000>;
v0x5576bf117430_0 .net "clear", 0 0, L_0x5576bf1271f0;  alias, 1 drivers
v0x5576bf1174f0_0 .net "clock", 0 0, L_0x5576bf139540;  alias, 1 drivers
v0x5576bf1175b0_0 .net "data", 31 0, v0x5576bf126a70_0;  alias, 1 drivers
v0x5576bf117680_0 .net "enable", 0 0, L_0x5576bf1395b0;  1 drivers
v0x5576bf117720_0 .var "out", 31 0;
S_0x5576bf1178f0 .scope generate, "r[14]" "r[14]" 6 20, 6 20 0, S_0x5576bf10e2d0;
 .timescale 0 0;
P_0x5576bf117ae0 .param/l "i" 0 6 20, +C4<01110>;
S_0x5576bf117bc0 .scope module, "r" "register" 6 21, 6 36 0, S_0x5576bf1178f0;
 .timescale 0 0;
    .port_info 0 /INPUT 32 "data"
    .port_info 1 /INPUT 1 "enable"
    .port_info 2 /INPUT 1 "clock"
    .port_info 3 /INPUT 1 "clear"
    .port_info 4 /OUTPUT 32 "out"
P_0x5576bf117d90 .param/l "width" 0 6 36, +C4<00000000000000000000000000100000>;
v0x5576bf117ee0_0 .net "clear", 0 0, L_0x5576bf1271f0;  alias, 1 drivers
v0x5576bf117fa0_0 .net "clock", 0 0, L_0x5576bf139540;  alias, 1 drivers
v0x5576bf118060_0 .net "data", 31 0, v0x5576bf126a70_0;  alias, 1 drivers
v0x5576bf118130_0 .net "enable", 0 0, L_0x5576bf139680;  1 drivers
v0x5576bf1181d0_0 .var "out", 31 0;
S_0x5576bf1183a0 .scope generate, "r[15]" "r[15]" 6 20, 6 20 0, S_0x5576bf10e2d0;
 .timescale 0 0;
P_0x5576bf118590 .param/l "i" 0 6 20, +C4<01111>;
S_0x5576bf118670 .scope module, "r" "register" 6 21, 6 36 0, S_0x5576bf1183a0;
 .timescale 0 0;
    .port_info 0 /INPUT 32 "data"
    .port_info 1 /INPUT 1 "enable"
    .port_info 2 /INPUT 1 "clock"
    .port_info 3 /INPUT 1 "clear"
    .port_info 4 /OUTPUT 32 "out"
P_0x5576bf118840 .param/l "width" 0 6 36, +C4<00000000000000000000000000100000>;
v0x5576bf118990_0 .net "clear", 0 0, L_0x5576bf1271f0;  alias, 1 drivers
v0x5576bf118a50_0 .net "clock", 0 0, L_0x5576bf139540;  alias, 1 drivers
v0x5576bf118b10_0 .net "data", 31 0, v0x5576bf126a70_0;  alias, 1 drivers
v0x5576bf118be0_0 .net "enable", 0 0, L_0x5576bf1397d0;  1 drivers
v0x5576bf118c80_0 .var "out", 31 0;
S_0x5576bf118e50 .scope generate, "r[16]" "r[16]" 6 20, 6 20 0, S_0x5576bf10e2d0;
 .timescale 0 0;
P_0x5576bf119040 .param/l "i" 0 6 20, +C4<010000>;
S_0x5576bf119120 .scope module, "r" "register" 6 21, 6 36 0, S_0x5576bf118e50;
 .timescale 0 0;
    .port_info 0 /INPUT 32 "data"
    .port_info 1 /INPUT 1 "enable"
    .port_info 2 /INPUT 1 "clock"
    .port_info 3 /INPUT 1 "clear"
    .port_info 4 /OUTPUT 32 "out"
P_0x5576bf1192f0 .param/l "width" 0 6 36, +C4<00000000000000000000000000100000>;
v0x5576bf119440_0 .net "clear", 0 0, L_0x5576bf1271f0;  alias, 1 drivers
v0x5576bf119500_0 .net "clock", 0 0, L_0x5576bf139540;  alias, 1 drivers
v0x5576bf1195c0_0 .net "data", 31 0, v0x5576bf126a70_0;  alias, 1 drivers
v0x5576bf119690_0 .net "enable", 0 0, L_0x5576bf1398a0;  1 drivers
v0x5576bf119730_0 .var "out", 31 0;
S_0x5576bf119900 .scope generate, "r[17]" "r[17]" 6 20, 6 20 0, S_0x5576bf10e2d0;
 .timescale 0 0;
P_0x5576bf119af0 .param/l "i" 0 6 20, +C4<010001>;
S_0x5576bf119bd0 .scope module, "r" "register" 6 21, 6 36 0, S_0x5576bf119900;
 .timescale 0 0;
    .port_info 0 /INPUT 32 "data"
    .port_info 1 /INPUT 1 "enable"
    .port_info 2 /INPUT 1 "clock"
    .port_info 3 /INPUT 1 "clear"
    .port_info 4 /OUTPUT 32 "out"
P_0x5576bf119da0 .param/l "width" 0 6 36, +C4<00000000000000000000000000100000>;
v0x5576bf119ef0_0 .net "clear", 0 0, L_0x5576bf1271f0;  alias, 1 drivers
v0x5576bf119fb0_0 .net "clock", 0 0, L_0x5576bf139540;  alias, 1 drivers
v0x5576bf11a070_0 .net "data", 31 0, v0x5576bf126a70_0;  alias, 1 drivers
v0x5576bf11a350_0 .net "enable", 0 0, L_0x5576bf139a00;  1 drivers
v0x5576bf11a3f0_0 .var "out", 31 0;
S_0x5576bf11a5c0 .scope generate, "r[18]" "r[18]" 6 20, 6 20 0, S_0x5576bf10e2d0;
 .timescale 0 0;
P_0x5576bf11a7b0 .param/l "i" 0 6 20, +C4<010010>;
S_0x5576bf11a890 .scope module, "r" "register" 6 21, 6 36 0, S_0x5576bf11a5c0;
 .timescale 0 0;
    .port_info 0 /INPUT 32 "data"
    .port_info 1 /INPUT 1 "enable"
    .port_info 2 /INPUT 1 "clock"
    .port_info 3 /INPUT 1 "clear"
    .port_info 4 /OUTPUT 32 "out"
P_0x5576bf11aa60 .param/l "width" 0 6 36, +C4<00000000000000000000000000100000>;
v0x5576bf11abb0_0 .net "clear", 0 0, L_0x5576bf1271f0;  alias, 1 drivers
v0x5576bf11ac70_0 .net "clock", 0 0, L_0x5576bf139540;  alias, 1 drivers
v0x5576bf11ad30_0 .net "data", 31 0, v0x5576bf126a70_0;  alias, 1 drivers
v0x5576bf11ae00_0 .net "enable", 0 0, L_0x5576bf139ad0;  1 drivers
v0x5576bf11aea0_0 .var "out", 31 0;
S_0x5576bf11b070 .scope generate, "r[19]" "r[19]" 6 20, 6 20 0, S_0x5576bf10e2d0;
 .timescale 0 0;
P_0x5576bf11b260 .param/l "i" 0 6 20, +C4<010011>;
S_0x5576bf11b340 .scope module, "r" "register" 6 21, 6 36 0, S_0x5576bf11b070;
 .timescale 0 0;
    .port_info 0 /INPUT 32 "data"
    .port_info 1 /INPUT 1 "enable"
    .port_info 2 /INPUT 1 "clock"
    .port_info 3 /INPUT 1 "clear"
    .port_info 4 /OUTPUT 32 "out"
P_0x5576bf11b510 .param/l "width" 0 6 36, +C4<00000000000000000000000000100000>;
v0x5576bf11b660_0 .net "clear", 0 0, L_0x5576bf1271f0;  alias, 1 drivers
v0x5576bf11b720_0 .net "clock", 0 0, L_0x5576bf139540;  alias, 1 drivers
v0x5576bf11b7e0_0 .net "data", 31 0, v0x5576bf126a70_0;  alias, 1 drivers
v0x5576bf11b8b0_0 .net "enable", 0 0, L_0x5576bf139c40;  1 drivers
v0x5576bf11b950_0 .var "out", 31 0;
S_0x5576bf11bb20 .scope generate, "r[20]" "r[20]" 6 20, 6 20 0, S_0x5576bf10e2d0;
 .timescale 0 0;
P_0x5576bf11bd10 .param/l "i" 0 6 20, +C4<010100>;
S_0x5576bf11bdf0 .scope module, "r" "register" 6 21, 6 36 0, S_0x5576bf11bb20;
 .timescale 0 0;
    .port_info 0 /INPUT 32 "data"
    .port_info 1 /INPUT 1 "enable"
    .port_info 2 /INPUT 1 "clock"
    .port_info 3 /INPUT 1 "clear"
    .port_info 4 /OUTPUT 32 "out"
P_0x5576bf11bfc0 .param/l "width" 0 6 36, +C4<00000000000000000000000000100000>;
v0x5576bf11c110_0 .net "clear", 0 0, L_0x5576bf1271f0;  alias, 1 drivers
v0x5576bf11c1d0_0 .net "clock", 0 0, L_0x5576bf139540;  alias, 1 drivers
v0x5576bf11c290_0 .net "data", 31 0, v0x5576bf126a70_0;  alias, 1 drivers
v0x5576bf11c360_0 .net "enable", 0 0, L_0x5576bf139d10;  1 drivers
v0x5576bf11c400_0 .var "out", 31 0;
S_0x5576bf11c5d0 .scope generate, "r[21]" "r[21]" 6 20, 6 20 0, S_0x5576bf10e2d0;
 .timescale 0 0;
P_0x5576bf11c7c0 .param/l "i" 0 6 20, +C4<010101>;
S_0x5576bf11c8a0 .scope module, "r" "register" 6 21, 6 36 0, S_0x5576bf11c5d0;
 .timescale 0 0;
    .port_info 0 /INPUT 32 "data"
    .port_info 1 /INPUT 1 "enable"
    .port_info 2 /INPUT 1 "clock"
    .port_info 3 /INPUT 1 "clear"
    .port_info 4 /OUTPUT 32 "out"
P_0x5576bf11ca70 .param/l "width" 0 6 36, +C4<00000000000000000000000000100000>;
v0x5576bf11cbc0_0 .net "clear", 0 0, L_0x5576bf1271f0;  alias, 1 drivers
v0x5576bf11cc80_0 .net "clock", 0 0, L_0x5576bf139540;  alias, 1 drivers
v0x5576bf11cd40_0 .net "data", 31 0, v0x5576bf126a70_0;  alias, 1 drivers
v0x5576bf11ce10_0 .net "enable", 0 0, L_0x5576bf139ba0;  1 drivers
v0x5576bf11ceb0_0 .var "out", 31 0;
S_0x5576bf11d080 .scope generate, "r[22]" "r[22]" 6 20, 6 20 0, S_0x5576bf10e2d0;
 .timescale 0 0;
P_0x5576bf11d270 .param/l "i" 0 6 20, +C4<010110>;
S_0x5576bf11d350 .scope module, "r" "register" 6 21, 6 36 0, S_0x5576bf11d080;
 .timescale 0 0;
    .port_info 0 /INPUT 32 "data"
    .port_info 1 /INPUT 1 "enable"
    .port_info 2 /INPUT 1 "clock"
    .port_info 3 /INPUT 1 "clear"
    .port_info 4 /OUTPUT 32 "out"
P_0x5576bf11d520 .param/l "width" 0 6 36, +C4<00000000000000000000000000100000>;
v0x5576bf11d670_0 .net "clear", 0 0, L_0x5576bf1271f0;  alias, 1 drivers
v0x5576bf11d730_0 .net "clock", 0 0, L_0x5576bf139540;  alias, 1 drivers
v0x5576bf11d7f0_0 .net "data", 31 0, v0x5576bf126a70_0;  alias, 1 drivers
v0x5576bf11d8c0_0 .net "enable", 0 0, L_0x5576bf139ec0;  1 drivers
v0x5576bf11d960_0 .var "out", 31 0;
S_0x5576bf11db30 .scope generate, "r[23]" "r[23]" 6 20, 6 20 0, S_0x5576bf10e2d0;
 .timescale 0 0;
P_0x5576bf11dd20 .param/l "i" 0 6 20, +C4<010111>;
S_0x5576bf11de00 .scope module, "r" "register" 6 21, 6 36 0, S_0x5576bf11db30;
 .timescale 0 0;
    .port_info 0 /INPUT 32 "data"
    .port_info 1 /INPUT 1 "enable"
    .port_info 2 /INPUT 1 "clock"
    .port_info 3 /INPUT 1 "clear"
    .port_info 4 /OUTPUT 32 "out"
P_0x5576bf11dfd0 .param/l "width" 0 6 36, +C4<00000000000000000000000000100000>;
v0x5576bf11e120_0 .net "clear", 0 0, L_0x5576bf1271f0;  alias, 1 drivers
v0x5576bf11e1e0_0 .net "clock", 0 0, L_0x5576bf139540;  alias, 1 drivers
v0x5576bf11e2a0_0 .net "data", 31 0, v0x5576bf126a70_0;  alias, 1 drivers
v0x5576bf11e370_0 .net "enable", 0 0, L_0x5576bf13a050;  1 drivers
v0x5576bf11e410_0 .var "out", 31 0;
S_0x5576bf11e5e0 .scope generate, "r[24]" "r[24]" 6 20, 6 20 0, S_0x5576bf10e2d0;
 .timescale 0 0;
P_0x5576bf11e7d0 .param/l "i" 0 6 20, +C4<011000>;
S_0x5576bf11e8b0 .scope module, "r" "register" 6 21, 6 36 0, S_0x5576bf11e5e0;
 .timescale 0 0;
    .port_info 0 /INPUT 32 "data"
    .port_info 1 /INPUT 1 "enable"
    .port_info 2 /INPUT 1 "clock"
    .port_info 3 /INPUT 1 "clear"
    .port_info 4 /OUTPUT 32 "out"
P_0x5576bf11ea80 .param/l "width" 0 6 36, +C4<00000000000000000000000000100000>;
v0x5576bf11ebd0_0 .net "clear", 0 0, L_0x5576bf1271f0;  alias, 1 drivers
v0x5576bf11ec90_0 .net "clock", 0 0, L_0x5576bf139540;  alias, 1 drivers
v0x5576bf11ed50_0 .net "data", 31 0, v0x5576bf126a70_0;  alias, 1 drivers
v0x5576bf11ee20_0 .net "enable", 0 0, L_0x5576bf13a120;  1 drivers
v0x5576bf11eec0_0 .var "out", 31 0;
S_0x5576bf11f090 .scope generate, "r[25]" "r[25]" 6 20, 6 20 0, S_0x5576bf10e2d0;
 .timescale 0 0;
P_0x5576bf11f280 .param/l "i" 0 6 20, +C4<011001>;
S_0x5576bf11f360 .scope module, "r" "register" 6 21, 6 36 0, S_0x5576bf11f090;
 .timescale 0 0;
    .port_info 0 /INPUT 32 "data"
    .port_info 1 /INPUT 1 "enable"
    .port_info 2 /INPUT 1 "clock"
    .port_info 3 /INPUT 1 "clear"
    .port_info 4 /OUTPUT 32 "out"
P_0x5576bf11f530 .param/l "width" 0 6 36, +C4<00000000000000000000000000100000>;
v0x5576bf11f680_0 .net "clear", 0 0, L_0x5576bf1271f0;  alias, 1 drivers
v0x5576bf11f740_0 .net "clock", 0 0, L_0x5576bf139540;  alias, 1 drivers
v0x5576bf11f800_0 .net "data", 31 0, v0x5576bf126a70_0;  alias, 1 drivers
v0x5576bf11f8d0_0 .net "enable", 0 0, L_0x5576bf13a2c0;  1 drivers
v0x5576bf11f970_0 .var "out", 31 0;
S_0x5576bf11fb40 .scope generate, "r[26]" "r[26]" 6 20, 6 20 0, S_0x5576bf10e2d0;
 .timescale 0 0;
P_0x5576bf11fd30 .param/l "i" 0 6 20, +C4<011010>;
S_0x5576bf11fe10 .scope module, "r" "register" 6 21, 6 36 0, S_0x5576bf11fb40;
 .timescale 0 0;
    .port_info 0 /INPUT 32 "data"
    .port_info 1 /INPUT 1 "enable"
    .port_info 2 /INPUT 1 "clock"
    .port_info 3 /INPUT 1 "clear"
    .port_info 4 /OUTPUT 32 "out"
P_0x5576bf11ffe0 .param/l "width" 0 6 36, +C4<00000000000000000000000000100000>;
v0x5576bf120130_0 .net "clear", 0 0, L_0x5576bf1271f0;  alias, 1 drivers
v0x5576bf1201f0_0 .net "clock", 0 0, L_0x5576bf139540;  alias, 1 drivers
v0x5576bf1202b0_0 .net "data", 31 0, v0x5576bf126a70_0;  alias, 1 drivers
v0x5576bf120380_0 .net "enable", 0 0, L_0x5576bf13a390;  1 drivers
v0x5576bf120420_0 .var "out", 31 0;
S_0x5576bf1205f0 .scope generate, "r[27]" "r[27]" 6 20, 6 20 0, S_0x5576bf10e2d0;
 .timescale 0 0;
P_0x5576bf1207e0 .param/l "i" 0 6 20, +C4<011011>;
S_0x5576bf1208c0 .scope module, "r" "register" 6 21, 6 36 0, S_0x5576bf1205f0;
 .timescale 0 0;
    .port_info 0 /INPUT 32 "data"
    .port_info 1 /INPUT 1 "enable"
    .port_info 2 /INPUT 1 "clock"
    .port_info 3 /INPUT 1 "clear"
    .port_info 4 /OUTPUT 32 "out"
P_0x5576bf120a90 .param/l "width" 0 6 36, +C4<00000000000000000000000000100000>;
v0x5576bf120be0_0 .net "clear", 0 0, L_0x5576bf1271f0;  alias, 1 drivers
v0x5576bf120ca0_0 .net "clock", 0 0, L_0x5576bf139540;  alias, 1 drivers
v0x5576bf120d60_0 .net "data", 31 0, v0x5576bf126a70_0;  alias, 1 drivers
v0x5576bf120e30_0 .net "enable", 0 0, L_0x5576bf13a540;  1 drivers
v0x5576bf120ed0_0 .var "out", 31 0;
S_0x5576bf1210a0 .scope generate, "r[28]" "r[28]" 6 20, 6 20 0, S_0x5576bf10e2d0;
 .timescale 0 0;
P_0x5576bf121290 .param/l "i" 0 6 20, +C4<011100>;
S_0x5576bf121370 .scope module, "r" "register" 6 21, 6 36 0, S_0x5576bf1210a0;
 .timescale 0 0;
    .port_info 0 /INPUT 32 "data"
    .port_info 1 /INPUT 1 "enable"
    .port_info 2 /INPUT 1 "clock"
    .port_info 3 /INPUT 1 "clear"
    .port_info 4 /OUTPUT 32 "out"
P_0x5576bf121540 .param/l "width" 0 6 36, +C4<00000000000000000000000000100000>;
v0x5576bf121690_0 .net "clear", 0 0, L_0x5576bf1271f0;  alias, 1 drivers
v0x5576bf121750_0 .net "clock", 0 0, L_0x5576bf139540;  alias, 1 drivers
v0x5576bf121810_0 .net "data", 31 0, v0x5576bf126a70_0;  alias, 1 drivers
v0x5576bf1218e0_0 .net "enable", 0 0, L_0x5576bf13a610;  1 drivers
v0x5576bf121980_0 .var "out", 31 0;
S_0x5576bf121b50 .scope generate, "r[29]" "r[29]" 6 20, 6 20 0, S_0x5576bf10e2d0;
 .timescale 0 0;
P_0x5576bf121d40 .param/l "i" 0 6 20, +C4<011101>;
S_0x5576bf121e20 .scope module, "r" "register" 6 21, 6 36 0, S_0x5576bf121b50;
 .timescale 0 0;
    .port_info 0 /INPUT 32 "data"
    .port_info 1 /INPUT 1 "enable"
    .port_info 2 /INPUT 1 "clock"
    .port_info 3 /INPUT 1 "clear"
    .port_info 4 /OUTPUT 32 "out"
P_0x5576bf121ff0 .param/l "width" 0 6 36, +C4<00000000000000000000000000100000>;
v0x5576bf122140_0 .net "clear", 0 0, L_0x5576bf1271f0;  alias, 1 drivers
v0x5576bf122200_0 .net "clock", 0 0, L_0x5576bf139540;  alias, 1 drivers
v0x5576bf1222c0_0 .net "data", 31 0, v0x5576bf126a70_0;  alias, 1 drivers
v0x5576bf122390_0 .net "enable", 0 0, L_0x5576bf13a7d0;  1 drivers
v0x5576bf122430_0 .var "out", 31 0;
S_0x5576bf122600 .scope generate, "r[30]" "r[30]" 6 20, 6 20 0, S_0x5576bf10e2d0;
 .timescale 0 0;
P_0x5576bf1227f0 .param/l "i" 0 6 20, +C4<011110>;
S_0x5576bf1228d0 .scope module, "r" "register" 6 21, 6 36 0, S_0x5576bf122600;
 .timescale 0 0;
    .port_info 0 /INPUT 32 "data"
    .port_info 1 /INPUT 1 "enable"
    .port_info 2 /INPUT 1 "clock"
    .port_info 3 /INPUT 1 "clear"
    .port_info 4 /OUTPUT 32 "out"
P_0x5576bf122aa0 .param/l "width" 0 6 36, +C4<00000000000000000000000000100000>;
v0x5576bf122bf0_0 .net "clear", 0 0, L_0x5576bf1271f0;  alias, 1 drivers
v0x5576bf1230c0_0 .net "clock", 0 0, L_0x5576bf139540;  alias, 1 drivers
v0x5576bf123180_0 .net "data", 31 0, v0x5576bf126a70_0;  alias, 1 drivers
v0x5576bf123250_0 .net "enable", 0 0, L_0x5576bf13a8a0;  1 drivers
v0x5576bf1232f0_0 .var "out", 31 0;
S_0x5576bf1234c0 .scope generate, "r[31]" "r[31]" 6 20, 6 20 0, S_0x5576bf10e2d0;
 .timescale 0 0;
P_0x5576bf1236b0 .param/l "i" 0 6 20, +C4<011111>;
S_0x5576bf123790 .scope module, "r" "register" 6 21, 6 36 0, S_0x5576bf1234c0;
 .timescale 0 0;
    .port_info 0 /INPUT 32 "data"
    .port_info 1 /INPUT 1 "enable"
    .port_info 2 /INPUT 1 "clock"
    .port_info 3 /INPUT 1 "clear"
    .port_info 4 /OUTPUT 32 "out"
P_0x5576bf123960 .param/l "width" 0 6 36, +C4<00000000000000000000000000100000>;
v0x5576bf123ab0_0 .net "clear", 0 0, L_0x5576bf1271f0;  alias, 1 drivers
v0x5576bf123b70_0 .net "clock", 0 0, L_0x5576bf139540;  alias, 1 drivers
v0x5576bf123c30_0 .net "data", 31 0, v0x5576bf126a70_0;  alias, 1 drivers
v0x5576bf123d00_0 .net "enable", 0 0, L_0x5576bf13aa70;  1 drivers
v0x5576bf123da0_0 .var "out", 31 0;
S_0x5576bf123f70 .scope module, "r0" "register" 6 16, 6 36 0, S_0x5576bf10e2d0;
 .timescale 0 0;
    .port_info 0 /INPUT 32 "data"
    .port_info 1 /INPUT 1 "enable"
    .port_info 2 /INPUT 1 "clock"
    .port_info 3 /INPUT 1 "clear"
    .port_info 4 /OUTPUT 32 "out"
P_0x5576bf124140 .param/l "width" 0 6 36, +C4<00000000000000000000000000100000>;
L_0x7f534207a2a0 .functor BUFT 1, C4<0>, C4<0>, C4<0>, C4<0>;
v0x5576bf124310_0 .net "clear", 0 0, L_0x7f534207a2a0;  1 drivers
v0x5576bf1243f0_0 .net "clock", 0 0, L_0x5576bf139540;  alias, 1 drivers
v0x5576bf1244b0_0 .net "data", 31 0, v0x5576bf126a70_0;  alias, 1 drivers
v0x5576bf124580_0 .net "enable", 0 0, L_0x5576bf13ab40;  1 drivers
v0x5576bf124620_0 .var "out", 31 0;
E_0x5576bf124290/0 .event negedge, v0x5576bf124310_0;
E_0x5576bf124290/1 .event posedge, v0x5576bf10f040_0;
E_0x5576bf124290 .event/or E_0x5576bf124290/0, E_0x5576bf124290/1;
    .scope S_0x5576bf10da00;
T_0 ;
    %wait E_0x5576bf10dd50;
    %load/vec4 v0x5576bf10ddb0_0;
    %inv;
    %flag_set/vec4 8;
    %jmp/0xz  T_0.0, 8;
    %pushi/vec4 0, 0, 32;
    %assign/vec4 v0x5576bf10e100_0, 0;
    %jmp T_0.1;
T_0.0 ;
    %load/vec4 v0x5576bf10e040_0;
    %flag_set/vec4 8;
    %jmp/0xz  T_0.2, 8;
    %load/vec4 v0x5576bf10df80_0;
    %assign/vec4 v0x5576bf10e100_0, 0;
T_0.2 ;
T_0.1 ;
    %jmp T_0;
    .thread T_0;
    .scope S_0x5576bf10b830;
T_1 ;
    %pushi/vec4 0, 0, 32;
    %store/vec4 v0x5576bf10d060_0, 0, 32;
T_1.0 ;
    %load/vec4 v0x5576bf10d060_0;
    %cmpi/s 255, 0, 32;
    %jmp/0xz T_1.1, 5;
    %pushi/vec4 0, 0, 8;
    %ix/getv/s 4, v0x5576bf10d060_0;
    %store/vec4a v0x5576bf10be20, 4, 0;
    %load/vec4 v0x5576bf10d060_0;
    %addi 1, 0, 32;
    %store/vec4 v0x5576bf10d060_0, 0, 32;
    %jmp T_1.0;
T_1.1 ;
    %pushi/vec4 10485907, 0, 32;
    %split/vec4 8;
    %ix/load 4, 0, 0;
    %flag_set/imm 4, 0;
    %store/vec4a v0x5576bf10be20, 4, 0;
    %split/vec4 8;
    %ix/load 4, 1, 0;
    %flag_set/imm 4, 0;
    %store/vec4a v0x5576bf10be20, 4, 0;
    %split/vec4 8;
    %ix/load 4, 2, 0;
    %flag_set/imm 4, 0;
    %store/vec4a v0x5576bf10be20, 4, 0;
    %ix/load 4, 3, 0;
    %flag_set/imm 4, 0;
    %store/vec4a v0x5576bf10be20, 4, 0;
    %pushi/vec4 20971795, 0, 32;
    %split/vec4 8;
    %ix/load 4, 4, 0;
    %flag_set/imm 4, 0;
    %store/vec4a v0x5576bf10be20, 4, 0;
    %split/vec4 8;
    %ix/load 4, 5, 0;
    %flag_set/imm 4, 0;
    %store/vec4a v0x5576bf10be20, 4, 0;
    %split/vec4 8;
    %ix/load 4, 6, 0;
    %flag_set/imm 4, 0;
    %store/vec4a v0x5576bf10be20, 4, 0;
    %ix/load 4, 7, 0;
    %flag_set/imm 4, 0;
    %store/vec4a v0x5576bf10be20, 4, 0;
    %pushi/vec4 1056803, 0, 32;
    %split/vec4 8;
    %ix/load 4, 8, 0;
    %flag_set/imm 4, 0;
    %store/vec4a v0x5576bf10be20, 4, 0;
    %split/vec4 8;
    %ix/load 4, 9, 0;
    %flag_set/imm 4, 0;
    %store/vec4a v0x5576bf10be20, 4, 0;
    %split/vec4 8;
    %ix/load 4, 10, 0;
    %flag_set/imm 4, 0;
    %store/vec4a v0x5576bf10be20, 4, 0;
    %ix/load 4, 11, 0;
    %flag_set/imm 4, 0;
    %store/vec4a v0x5576bf10be20, 4, 0;
    %pushi/vec4 2105891, 0, 32;
    %split/vec4 8;
    %ix/load 4, 12, 0;
    %flag_set/imm 4, 0;
    %store/vec4a v0x5576bf10be20, 4, 0;
    %split/vec4 8;
    %ix/load 4, 13, 0;
    %flag_set/imm 4, 0;
    %store/vec4a v0x5576bf10be20, 4, 0;
    %split/vec4 8;
    %ix/load 4, 14, 0;
    %flag_set/imm 4, 0;
    %store/vec4a v0x5576bf10be20, 4, 0;
    %ix/load 4, 15, 0;
    %flag_set/imm 4, 0;
    %store/vec4a v0x5576bf10be20, 4, 0;
    %pushi/vec4 8579, 0, 32;
    %split/vec4 8;
    %ix/load 4, 16, 0;
    %flag_set/imm 4, 0;
    %store/vec4a v0x5576bf10be20, 4, 0;
    %split/vec4 8;
    %ix/load 4, 17, 0;
    %flag_set/imm 4, 0;
    %store/vec4a v0x5576bf10be20, 4, 0;
    %split/vec4 8;
    %ix/load 4, 18, 0;
    %flag_set/imm 4, 0;
    %store/vec4a v0x5576bf10be20, 4, 0;
    %ix/load 4, 19, 0;
    %flag_set/imm 4, 0;
    %store/vec4a v0x5576bf10be20, 4, 0;
    %pushi/vec4 4203011, 0, 32;
    %split/vec4 8;
    %ix/load 4, 20, 0;
    %flag_set/imm 4, 0;
    %store/vec4a v0x5576bf10be20, 4, 0;
    %split/vec4 8;
    %ix/load 4, 21, 0;
    %flag_set/imm 4, 0;
    %store/vec4a v0x5576bf10be20, 4, 0;
    %split/vec4 8;
    %ix/load 4, 22, 0;
    %flag_set/imm 4, 0;
    %store/vec4a v0x5576bf10be20, 4, 0;
    %ix/load 4, 23, 0;
    %flag_set/imm 4, 0;
    %store/vec4a v0x5576bf10be20, 4, 0;
    %pushi/vec4 4293299, 0, 32;
    %split/vec4 8;
    %ix/load 4, 24, 0;
    %flag_set/imm 4, 0;
    %store/vec4a v0x5576bf10be20, 4, 0;
    %split/vec4 8;
    %ix/load 4, 25, 0;
    %flag_set/imm 4, 0;
    %store/vec4a v0x5576bf10be20, 4, 0;
    %split/vec4 8;
    %ix/load 4, 26, 0;
    %flag_set/imm 4, 0;
    %store/vec4a v0x5576bf10be20, 4, 0;
    %ix/load 4, 27, 0;
    %flag_set/imm 4, 0;
    %store/vec4a v0x5576bf10be20, 4, 0;
    %pushi/vec4 4293299, 0, 32;
    %split/vec4 8;
    %ix/load 4, 28, 0;
    %flag_set/imm 4, 0;
    %store/vec4a v0x5576bf10be20, 4, 0;
    %split/vec4 8;
    %ix/load 4, 29, 0;
    %flag_set/imm 4, 0;
    %store/vec4a v0x5576bf10be20, 4, 0;
    %split/vec4 8;
    %ix/load 4, 30, 0;
    %flag_set/imm 4, 0;
    %store/vec4a v0x5576bf10be20, 4, 0;
    %ix/load 4, 31, 0;
    %flag_set/imm 4, 0;
    %store/vec4a v0x5576bf10be20, 4, 0;
    %end;
    .thread T_1;
    .scope S_0x5576bf10b830;
T_2 ;
    %wait E_0x5576bf10a040;
    %load/vec4 v0x5576bf10d100_0;
    %flag_set/vec4 8;
    %jmp/0xz  T_2.0, 8;
    %load/vec4 v0x5576bf10bc80_0;
    %split/vec4 8;
    %load/vec4 v0x5576bf10bb80_0;
    %pad/u 10;
    %ix/vec4 3;
    %ix/load 4, 0, 0; Constant delay
    %assign/vec4/a/d v0x5576bf10be20, 0, 4;
    %split/vec4 8;
    %load/vec4 v0x5576bf10bb80_0;
    %pad/u 33;
    %addi 1, 0, 33;
    %ix/vec4 3;
    %ix/load 4, 0, 0; Constant delay
    %assign/vec4/a/d v0x5576bf10be20, 0, 4;
    %split/vec4 8;
    %load/vec4 v0x5576bf10bb80_0;
    %pad/u 33;
    %addi 2, 0, 33;
    %ix/vec4 3;
    %ix/load 4, 0, 0; Constant delay
    %assign/vec4/a/d v0x5576bf10be20, 0, 4;
    %load/vec4 v0x5576bf10bb80_0;
    %pad/u 33;
    %addi 3, 0, 33;
    %ix/vec4 3;
    %ix/load 4, 0, 0; Constant delay
    %assign/vec4/a/d v0x5576bf10be20, 0, 4;
T_2.0 ;
    %jmp T_2;
    .thread T_2;
    .scope S_0x5576bf10ebb0;
T_3 ;
    %wait E_0x5576bf10ef00;
    %load/vec4 v0x5576bf10ef80_0;
    %inv;
    %flag_set/vec4 8;
    %jmp/0xz  T_3.0, 8;
    %pushi/vec4 0, 0, 32;
    %assign/vec4 v0x5576bf10f2b0_0, 0;
    %jmp T_3.1;
T_3.0 ;
    %load/vec4 v0x5576bf10f1f0_0;
    %flag_set/vec4 8;
    %jmp/0xz  T_3.2, 8;
    %load/vec4 v0x5576bf10f100_0;
    %assign/vec4 v0x5576bf10f2b0_0, 0;
T_3.2 ;
T_3.1 ;
    %jmp T_3;
    .thread T_3;
    .scope S_0x5576bf10f750;
T_4 ;
    %wait E_0x5576bf10ef00;
    %load/vec4 v0x5576bf10fa70_0;
    %inv;
    %flag_set/vec4 8;
    %jmp/0xz  T_4.0, 8;
    %pushi/vec4 0, 0, 32;
    %assign/vec4 v0x5576bf10fdc0_0, 0;
    %jmp T_4.1;
T_4.0 ;
    %load/vec4 v0x5576bf10fd20_0;
    %flag_set/vec4 8;
    %jmp/0xz  T_4.2, 8;
    %load/vec4 v0x5576bf10fc20_0;
    %assign/vec4 v0x5576bf10fdc0_0, 0;
T_4.2 ;
T_4.1 ;
    %jmp T_4;
    .thread T_4;
    .scope S_0x5576bf1101b0;
T_5 ;
    %wait E_0x5576bf10ef00;
    %load/vec4 v0x5576bf110590_0;
    %inv;
    %flag_set/vec4 8;
    %jmp/0xz  T_5.0, 8;
    %pushi/vec4 0, 0, 32;
    %assign/vec4 v0x5576bf1108f0_0, 0;
    %jmp T_5.1;
T_5.0 ;
    %load/vec4 v0x5576bf110850_0;
    %flag_set/vec4 8;
    %jmp/0xz  T_5.2, 8;
    %load/vec4 v0x5576bf110760_0;
    %assign/vec4 v0x5576bf1108f0_0, 0;
T_5.2 ;
T_5.1 ;
    %jmp T_5;
    .thread T_5;
    .scope S_0x5576bf110d90;
T_6 ;
    %wait E_0x5576bf10ef00;
    %load/vec4 v0x5576bf111080_0;
    %inv;
    %flag_set/vec4 8;
    %jmp/0xz  T_6.0, 8;
    %pushi/vec4 0, 0, 32;
    %assign/vec4 v0x5576bf111370_0, 0;
    %jmp T_6.1;
T_6.0 ;
    %load/vec4 v0x5576bf1112d0_0;
    %flag_set/vec4 8;
    %jmp/0xz  T_6.2, 8;
    %load/vec4 v0x5576bf111200_0;
    %assign/vec4 v0x5576bf111370_0, 0;
T_6.2 ;
T_6.1 ;
    %jmp T_6;
    .thread T_6;
    .scope S_0x5576bf111860;
T_7 ;
    %wait E_0x5576bf10ef00;
    %load/vec4 v0x5576bf111b50_0;
    %inv;
    %flag_set/vec4 8;
    %jmp/0xz  T_7.0, 8;
    %pushi/vec4 0, 0, 32;
    %assign/vec4 v0x5576bf111ed0_0, 0;
    %jmp T_7.1;
T_7.0 ;
    %load/vec4 v0x5576bf111e30_0;
    %flag_set/vec4 8;
    %jmp/0xz  T_7.2, 8;
    %load/vec4 v0x5576bf111cd0_0;
    %assign/vec4 v0x5576bf111ed0_0, 0;
T_7.2 ;
T_7.1 ;
    %jmp T_7;
    .thread T_7;
    .scope S_0x5576bf1122d0;
T_8 ;
    %wait E_0x5576bf10ef00;
    %load/vec4 v0x5576bf112680_0;
    %inv;
    %flag_set/vec4 8;
    %jmp/0xz  T_8.0, 8;
    %pushi/vec4 0, 0, 32;
    %assign/vec4 v0x5576bf112a80_0, 0;
    %jmp T_8.1;
T_8.0 ;
    %load/vec4 v0x5576bf1129e0_0;
    %flag_set/vec4 8;
    %jmp/0xz  T_8.2, 8;
    %load/vec4 v0x5576bf112910_0;
    %assign/vec4 v0x5576bf112a80_0, 0;
T_8.2 ;
T_8.1 ;
    %jmp T_8;
    .thread T_8;
    .scope S_0x5576bf112f20;
T_9 ;
    %wait E_0x5576bf10ef00;
    %load/vec4 v0x5576bf113240_0;
    %inv;
    %flag_set/vec4 8;
    %jmp/0xz  T_9.0, 8;
    %pushi/vec4 0, 0, 32;
    %assign/vec4 v0x5576bf113530_0, 0;
    %jmp T_9.1;
T_9.0 ;
    %load/vec4 v0x5576bf113490_0;
    %flag_set/vec4 8;
    %jmp/0xz  T_9.2, 8;
    %load/vec4 v0x5576bf1133c0_0;
    %assign/vec4 v0x5576bf113530_0, 0;
T_9.2 ;
T_9.1 ;
    %jmp T_9;
    .thread T_9;
    .scope S_0x5576bf1139d0;
T_10 ;
    %wait E_0x5576bf10ef00;
    %load/vec4 v0x5576bf113cf0_0;
    %inv;
    %flag_set/vec4 8;
    %jmp/0xz  T_10.0, 8;
    %pushi/vec4 0, 0, 32;
    %assign/vec4 v0x5576bf113fe0_0, 0;
    %jmp T_10.1;
T_10.0 ;
    %load/vec4 v0x5576bf113f40_0;
    %flag_set/vec4 8;
    %jmp/0xz  T_10.2, 8;
    %load/vec4 v0x5576bf113e70_0;
    %assign/vec4 v0x5576bf113fe0_0, 0;
T_10.2 ;
T_10.1 ;
    %jmp T_10;
    .thread T_10;
    .scope S_0x5576bf114430;
T_11 ;
    %wait E_0x5576bf10ef00;
    %load/vec4 v0x5576bf114750_0;
    %inv;
    %flag_set/vec4 8;
    %jmp/0xz  T_11.0, 8;
    %pushi/vec4 0, 0, 32;
    %assign/vec4 v0x5576bf114c60_0, 0;
    %jmp T_11.1;
T_11.0 ;
    %load/vec4 v0x5576bf114bc0_0;
    %flag_set/vec4 8;
    %jmp/0xz  T_11.2, 8;
    %load/vec4 v0x5576bf1149e0_0;
    %assign/vec4 v0x5576bf114c60_0, 0;
T_11.2 ;
T_11.1 ;
    %jmp T_11;
    .thread T_11;
    .scope S_0x5576bf115100;
T_12 ;
    %wait E_0x5576bf10ef00;
    %load/vec4 v0x5576bf115420_0;
    %inv;
    %flag_set/vec4 8;
    %jmp/0xz  T_12.0, 8;
    %pushi/vec4 0, 0, 32;
    %assign/vec4 v0x5576bf115710_0, 0;
    %jmp T_12.1;
T_12.0 ;
    %load/vec4 v0x5576bf115670_0;
    %flag_set/vec4 8;
    %jmp/0xz  T_12.2, 8;
    %load/vec4 v0x5576bf1155a0_0;
    %assign/vec4 v0x5576bf115710_0, 0;
T_12.2 ;
T_12.1 ;
    %jmp T_12;
    .thread T_12;
    .scope S_0x5576bf115bb0;
T_13 ;
    %wait E_0x5576bf10ef00;
    %load/vec4 v0x5576bf115ed0_0;
    %inv;
    %flag_set/vec4 8;
    %jmp/0xz  T_13.0, 8;
    %pushi/vec4 0, 0, 32;
    %assign/vec4 v0x5576bf1161c0_0, 0;
    %jmp T_13.1;
T_13.0 ;
    %load/vec4 v0x5576bf116120_0;
    %flag_set/vec4 8;
    %jmp/0xz  T_13.2, 8;
    %load/vec4 v0x5576bf116050_0;
    %assign/vec4 v0x5576bf1161c0_0, 0;
T_13.2 ;
T_13.1 ;
    %jmp T_13;
    .thread T_13;
    .scope S_0x5576bf116660;
T_14 ;
    %wait E_0x5576bf10ef00;
    %load/vec4 v0x5576bf116980_0;
    %inv;
    %flag_set/vec4 8;
    %jmp/0xz  T_14.0, 8;
    %pushi/vec4 0, 0, 32;
    %assign/vec4 v0x5576bf116c70_0, 0;
    %jmp T_14.1;
T_14.0 ;
    %load/vec4 v0x5576bf116bd0_0;
    %flag_set/vec4 8;
    %jmp/0xz  T_14.2, 8;
    %load/vec4 v0x5576bf116b00_0;
    %assign/vec4 v0x5576bf116c70_0, 0;
T_14.2 ;
T_14.1 ;
    %jmp T_14;
    .thread T_14;
    .scope S_0x5576bf117110;
T_15 ;
    %wait E_0x5576bf10ef00;
    %load/vec4 v0x5576bf117430_0;
    %inv;
    %flag_set/vec4 8;
    %jmp/0xz  T_15.0, 8;
    %pushi/vec4 0, 0, 32;
    %assign/vec4 v0x5576bf117720_0, 0;
    %jmp T_15.1;
T_15.0 ;
    %load/vec4 v0x5576bf117680_0;
    %flag_set/vec4 8;
    %jmp/0xz  T_15.2, 8;
    %load/vec4 v0x5576bf1175b0_0;
    %assign/vec4 v0x5576bf117720_0, 0;
T_15.2 ;
T_15.1 ;
    %jmp T_15;
    .thread T_15;
    .scope S_0x5576bf117bc0;
T_16 ;
    %wait E_0x5576bf10ef00;
    %load/vec4 v0x5576bf117ee0_0;
    %inv;
    %flag_set/vec4 8;
    %jmp/0xz  T_16.0, 8;
    %pushi/vec4 0, 0, 32;
    %assign/vec4 v0x5576bf1181d0_0, 0;
    %jmp T_16.1;
T_16.0 ;
    %load/vec4 v0x5576bf118130_0;
    %flag_set/vec4 8;
    %jmp/0xz  T_16.2, 8;
    %load/vec4 v0x5576bf118060_0;
    %assign/vec4 v0x5576bf1181d0_0, 0;
T_16.2 ;
T_16.1 ;
    %jmp T_16;
    .thread T_16;
    .scope S_0x5576bf118670;
T_17 ;
    %wait E_0x5576bf10ef00;
    %load/vec4 v0x5576bf118990_0;
    %inv;
    %flag_set/vec4 8;
    %jmp/0xz  T_17.0, 8;
    %pushi/vec4 0, 0, 32;
    %assign/vec4 v0x5576bf118c80_0, 0;
    %jmp T_17.1;
T_17.0 ;
    %load/vec4 v0x5576bf118be0_0;
    %flag_set/vec4 8;
    %jmp/0xz  T_17.2, 8;
    %load/vec4 v0x5576bf118b10_0;
    %assign/vec4 v0x5576bf118c80_0, 0;
T_17.2 ;
T_17.1 ;
    %jmp T_17;
    .thread T_17;
    .scope S_0x5576bf119120;
T_18 ;
    %wait E_0x5576bf10ef00;
    %load/vec4 v0x5576bf119440_0;
    %inv;
    %flag_set/vec4 8;
    %jmp/0xz  T_18.0, 8;
    %pushi/vec4 0, 0, 32;
    %assign/vec4 v0x5576bf119730_0, 0;
    %jmp T_18.1;
T_18.0 ;
    %load/vec4 v0x5576bf119690_0;
    %flag_set/vec4 8;
    %jmp/0xz  T_18.2, 8;
    %load/vec4 v0x5576bf1195c0_0;
    %assign/vec4 v0x5576bf119730_0, 0;
T_18.2 ;
T_18.1 ;
    %jmp T_18;
    .thread T_18;
    .scope S_0x5576bf119bd0;
T_19 ;
    %wait E_0x5576bf10ef00;
    %load/vec4 v0x5576bf119ef0_0;
    %inv;
    %flag_set/vec4 8;
    %jmp/0xz  T_19.0, 8;
    %pushi/vec4 0, 0, 32;
    %assign/vec4 v0x5576bf11a3f0_0, 0;
    %jmp T_19.1;
T_19.0 ;
    %load/vec4 v0x5576bf11a350_0;
    %flag_set/vec4 8;
    %jmp/0xz  T_19.2, 8;
    %load/vec4 v0x5576bf11a070_0;
    %assign/vec4 v0x5576bf11a3f0_0, 0;
T_19.2 ;
T_19.1 ;
    %jmp T_19;
    .thread T_19;
    .scope S_0x5576bf11a890;
T_20 ;
    %wait E_0x5576bf10ef00;
    %load/vec4 v0x5576bf11abb0_0;
    %inv;
    %flag_set/vec4 8;
    %jmp/0xz  T_20.0, 8;
    %pushi/vec4 0, 0, 32;
    %assign/vec4 v0x5576bf11aea0_0, 0;
    %jmp T_20.1;
T_20.0 ;
    %load/vec4 v0x5576bf11ae00_0;
    %flag_set/vec4 8;
    %jmp/0xz  T_20.2, 8;
    %load/vec4 v0x5576bf11ad30_0;
    %assign/vec4 v0x5576bf11aea0_0, 0;
T_20.2 ;
T_20.1 ;
    %jmp T_20;
    .thread T_20;
    .scope S_0x5576bf11b340;
T_21 ;
    %wait E_0x5576bf10ef00;
    %load/vec4 v0x5576bf11b660_0;
    %inv;
    %flag_set/vec4 8;
    %jmp/0xz  T_21.0, 8;
    %pushi/vec4 0, 0, 32;
    %assign/vec4 v0x5576bf11b950_0, 0;
    %jmp T_21.1;
T_21.0 ;
    %load/vec4 v0x5576bf11b8b0_0;
    %flag_set/vec4 8;
    %jmp/0xz  T_21.2, 8;
    %load/vec4 v0x5576bf11b7e0_0;
    %assign/vec4 v0x5576bf11b950_0, 0;
T_21.2 ;
T_21.1 ;
    %jmp T_21;
    .thread T_21;
    .scope S_0x5576bf11bdf0;
T_22 ;
    %wait E_0x5576bf10ef00;
    %load/vec4 v0x5576bf11c110_0;
    %inv;
    %flag_set/vec4 8;
    %jmp/0xz  T_22.0, 8;
    %pushi/vec4 0, 0, 32;
    %assign/vec4 v0x5576bf11c400_0, 0;
    %jmp T_22.1;
T_22.0 ;
    %load/vec4 v0x5576bf11c360_0;
    %flag_set/vec4 8;
    %jmp/0xz  T_22.2, 8;
    %load/vec4 v0x5576bf11c290_0;
    %assign/vec4 v0x5576bf11c400_0, 0;
T_22.2 ;
T_22.1 ;
    %jmp T_22;
    .thread T_22;
    .scope S_0x5576bf11c8a0;
T_23 ;
    %wait E_0x5576bf10ef00;
    %load/vec4 v0x5576bf11cbc0_0;
    %inv;
    %flag_set/vec4 8;
    %jmp/0xz  T_23.0, 8;
    %pushi/vec4 0, 0, 32;
    %assign/vec4 v0x5576bf11ceb0_0, 0;
    %jmp T_23.1;
T_23.0 ;
    %load/vec4 v0x5576bf11ce10_0;
    %flag_set/vec4 8;
    %jmp/0xz  T_23.2, 8;
    %load/vec4 v0x5576bf11cd40_0;
    %assign/vec4 v0x5576bf11ceb0_0, 0;
T_23.2 ;
T_23.1 ;
    %jmp T_23;
    .thread T_23;
    .scope S_0x5576bf11d350;
T_24 ;
    %wait E_0x5576bf10ef00;
    %load/vec4 v0x5576bf11d670_0;
    %inv;
    %flag_set/vec4 8;
    %jmp/0xz  T_24.0, 8;
    %pushi/vec4 0, 0, 32;
    %assign/vec4 v0x5576bf11d960_0, 0;
    %jmp T_24.1;
T_24.0 ;
    %load/vec4 v0x5576bf11d8c0_0;
    %flag_set/vec4 8;
    %jmp/0xz  T_24.2, 8;
    %load/vec4 v0x5576bf11d7f0_0;
    %assign/vec4 v0x5576bf11d960_0, 0;
T_24.2 ;
T_24.1 ;
    %jmp T_24;
    .thread T_24;
    .scope S_0x5576bf11de00;
T_25 ;
    %wait E_0x5576bf10ef00;
    %load/vec4 v0x5576bf11e120_0;
    %inv;
    %flag_set/vec4 8;
    %jmp/0xz  T_25.0, 8;
    %pushi/vec4 0, 0, 32;
    %assign/vec4 v0x5576bf11e410_0, 0;
    %jmp T_25.1;
T_25.0 ;
    %load/vec4 v0x5576bf11e370_0;
    %flag_set/vec4 8;
    %jmp/0xz  T_25.2, 8;
    %load/vec4 v0x5576bf11e2a0_0;
    %assign/vec4 v0x5576bf11e410_0, 0;
T_25.2 ;
T_25.1 ;
    %jmp T_25;
    .thread T_25;
    .scope S_0x5576bf11e8b0;
T_26 ;
    %wait E_0x5576bf10ef00;
    %load/vec4 v0x5576bf11ebd0_0;
    %inv;
    %flag_set/vec4 8;
    %jmp/0xz  T_26.0, 8;
    %pushi/vec4 0, 0, 32;
    %assign/vec4 v0x5576bf11eec0_0, 0;
    %jmp T_26.1;
T_26.0 ;
    %load/vec4 v0x5576bf11ee20_0;
    %flag_set/vec4 8;
    %jmp/0xz  T_26.2, 8;
    %load/vec4 v0x5576bf11ed50_0;
    %assign/vec4 v0x5576bf11eec0_0, 0;
T_26.2 ;
T_26.1 ;
    %jmp T_26;
    .thread T_26;
    .scope S_0x5576bf11f360;
T_27 ;
    %wait E_0x5576bf10ef00;
    %load/vec4 v0x5576bf11f680_0;
    %inv;
    %flag_set/vec4 8;
    %jmp/0xz  T_27.0, 8;
    %pushi/vec4 0, 0, 32;
    %assign/vec4 v0x5576bf11f970_0, 0;
    %jmp T_27.1;
T_27.0 ;
    %load/vec4 v0x5576bf11f8d0_0;
    %flag_set/vec4 8;
    %jmp/0xz  T_27.2, 8;
    %load/vec4 v0x5576bf11f800_0;
    %assign/vec4 v0x5576bf11f970_0, 0;
T_27.2 ;
T_27.1 ;
    %jmp T_27;
    .thread T_27;
    .scope S_0x5576bf11fe10;
T_28 ;
    %wait E_0x5576bf10ef00;
    %load/vec4 v0x5576bf120130_0;
    %inv;
    %flag_set/vec4 8;
    %jmp/0xz  T_28.0, 8;
    %pushi/vec4 0, 0, 32;
    %assign/vec4 v0x5576bf120420_0, 0;
    %jmp T_28.1;
T_28.0 ;
    %load/vec4 v0x5576bf120380_0;
    %flag_set/vec4 8;
    %jmp/0xz  T_28.2, 8;
    %load/vec4 v0x5576bf1202b0_0;
    %assign/vec4 v0x5576bf120420_0, 0;
T_28.2 ;
T_28.1 ;
    %jmp T_28;
    .thread T_28;
    .scope S_0x5576bf1208c0;
T_29 ;
    %wait E_0x5576bf10ef00;
    %load/vec4 v0x5576bf120be0_0;
    %inv;
    %flag_set/vec4 8;
    %jmp/0xz  T_29.0, 8;
    %pushi/vec4 0, 0, 32;
    %assign/vec4 v0x5576bf120ed0_0, 0;
    %jmp T_29.1;
T_29.0 ;
    %load/vec4 v0x5576bf120e30_0;
    %flag_set/vec4 8;
    %jmp/0xz  T_29.2, 8;
    %load/vec4 v0x5576bf120d60_0;
    %assign/vec4 v0x5576bf120ed0_0, 0;
T_29.2 ;
T_29.1 ;
    %jmp T_29;
    .thread T_29;
    .scope S_0x5576bf121370;
T_30 ;
    %wait E_0x5576bf10ef00;
    %load/vec4 v0x5576bf121690_0;
    %inv;
    %flag_set/vec4 8;
    %jmp/0xz  T_30.0, 8;
    %pushi/vec4 0, 0, 32;
    %assign/vec4 v0x5576bf121980_0, 0;
    %jmp T_30.1;
T_30.0 ;
    %load/vec4 v0x5576bf1218e0_0;
    %flag_set/vec4 8;
    %jmp/0xz  T_30.2, 8;
    %load/vec4 v0x5576bf121810_0;
    %assign/vec4 v0x5576bf121980_0, 0;
T_30.2 ;
T_30.1 ;
    %jmp T_30;
    .thread T_30;
    .scope S_0x5576bf121e20;
T_31 ;
    %wait E_0x5576bf10ef00;
    %load/vec4 v0x5576bf122140_0;
    %inv;
    %flag_set/vec4 8;
    %jmp/0xz  T_31.0, 8;
    %pushi/vec4 0, 0, 32;
    %assign/vec4 v0x5576bf122430_0, 0;
    %jmp T_31.1;
T_31.0 ;
    %load/vec4 v0x5576bf122390_0;
    %flag_set/vec4 8;
    %jmp/0xz  T_31.2, 8;
    %load/vec4 v0x5576bf1222c0_0;
    %assign/vec4 v0x5576bf122430_0, 0;
T_31.2 ;
T_31.1 ;
    %jmp T_31;
    .thread T_31;
    .scope S_0x5576bf1228d0;
T_32 ;
    %wait E_0x5576bf10ef00;
    %load/vec4 v0x5576bf122bf0_0;
    %inv;
    %flag_set/vec4 8;
    %jmp/0xz  T_32.0, 8;
    %pushi/vec4 0, 0, 32;
    %assign/vec4 v0x5576bf1232f0_0, 0;
    %jmp T_32.1;
T_32.0 ;
    %load/vec4 v0x5576bf123250_0;
    %flag_set/vec4 8;
    %jmp/0xz  T_32.2, 8;
    %load/vec4 v0x5576bf123180_0;
    %assign/vec4 v0x5576bf1232f0_0, 0;
T_32.2 ;
T_32.1 ;
    %jmp T_32;
    .thread T_32;
    .scope S_0x5576bf123790;
T_33 ;
    %wait E_0x5576bf10ef00;
    %load/vec4 v0x5576bf123ab0_0;
    %inv;
    %flag_set/vec4 8;
    %jmp/0xz  T_33.0, 8;
    %pushi/vec4 0, 0, 32;
    %assign/vec4 v0x5576bf123da0_0, 0;
    %jmp T_33.1;
T_33.0 ;
    %load/vec4 v0x5576bf123d00_0;
    %flag_set/vec4 8;
    %jmp/0xz  T_33.2, 8;
    %load/vec4 v0x5576bf123c30_0;
    %assign/vec4 v0x5576bf123da0_0, 0;
T_33.2 ;
T_33.1 ;
    %jmp T_33;
    .thread T_33;
    .scope S_0x5576bf123f70;
T_34 ;
    %wait E_0x5576bf124290;
    %load/vec4 v0x5576bf124310_0;
    %inv;
    %flag_set/vec4 8;
    %jmp/0xz  T_34.0, 8;
    %pushi/vec4 0, 0, 32;
    %assign/vec4 v0x5576bf124620_0, 0;
    %jmp T_34.1;
T_34.0 ;
    %load/vec4 v0x5576bf124580_0;
    %flag_set/vec4 8;
    %jmp/0xz  T_34.2, 8;
    %load/vec4 v0x5576bf1244b0_0;
    %assign/vec4 v0x5576bf124620_0, 0;
T_34.2 ;
T_34.1 ;
    %jmp T_34;
    .thread T_34;
    .scope S_0x5576bf10e2d0;
T_35 ;
    %wait E_0x5576bf10e730;
    %load/vec4 v0x5576bf124f80_0;
    %pad/u 7;
    %ix/vec4 4;
    %load/vec4a v0x5576bf1248f0, 4;
    %store/vec4 v0x5576bf125730_0, 0, 32;
    %load/vec4 v0x5576bf125050_0;
    %pad/u 7;
    %ix/vec4 4;
    %load/vec4a v0x5576bf1248f0, 4;
    %store/vec4 v0x5576bf1257d0_0, 0, 32;
    %load/vec4 v0x5576bf125d50_0;
    %pad/u 32;
    %ix/getv 4, v0x5576bf1250f0_0;
    %shiftl 4;
    %store/vec4 v0x5576bf1247f0_0, 0, 32;
    %jmp T_35;
    .thread T_35, $push;
    .scope S_0x5576bf10d2c0;
T_36 ;
    %pushi/vec4 0, 0, 32;
    %store/vec4 v0x5576bf10d6f0_0, 0, 32;
    %end;
    .thread T_36;
    .scope S_0x5576bf10d2c0;
T_37 ;
    %wait E_0x5576bf109220;
    %load/vec4 v0x5576bf10d8a0_0;
    %dup/vec4;
    %pushi/vec4 0, 0, 2;
    %cmp/u;
    %jmp/1 T_37.0, 6;
    %dup/vec4;
    %pushi/vec4 1, 0, 2;
    %cmp/u;
    %jmp/1 T_37.1, 6;
    %dup/vec4;
    %pushi/vec4 2, 0, 2;
    %cmp/u;
    %jmp/1 T_37.2, 6;
    %pushi/vec4 0, 0, 32;
    %store/vec4 v0x5576bf10d7b0_0, 0, 32;
    %jmp T_37.4;
T_37.0 ;
    %load/vec4 v0x5576bf10d5e0_0;
    %parti/s 12, 20, 6;
    %ix/load 4, 0, 0;
    %flag_set/imm 4, 0;
    %store/vec4 v0x5576bf10d7b0_0, 4, 12;
    %pushi/vec4 12, 0, 32;
    %store/vec4 v0x5576bf10d6f0_0, 0, 32;
T_37.5 ;
    %load/vec4 v0x5576bf10d6f0_0;
    %cmpi/s 32, 0, 32;
    %jmp/0xz T_37.6, 5;
    %load/vec4 v0x5576bf10d5e0_0;
    %parti/s 1, 31, 6;
    %ix/getv/s 4, v0x5576bf10d6f0_0;
    %store/vec4 v0x5576bf10d7b0_0, 4, 1;
    %load/vec4 v0x5576bf10d6f0_0;
    %addi 1, 0, 32;
    %store/vec4 v0x5576bf10d6f0_0, 0, 32;
    %jmp T_37.5;
T_37.6 ;
    %jmp T_37.4;
T_37.1 ;
    %load/vec4 v0x5576bf10d5e0_0;
    %parti/s 5, 7, 4;
    %ix/load 4, 0, 0;
    %flag_set/imm 4, 0;
    %store/vec4 v0x5576bf10d7b0_0, 4, 5;
    %load/vec4 v0x5576bf10d5e0_0;
    %parti/s 7, 25, 6;
    %ix/load 4, 5, 0;
    %flag_set/imm 4, 0;
    %store/vec4 v0x5576bf10d7b0_0, 4, 7;
    %pushi/vec4 12, 0, 32;
    %store/vec4 v0x5576bf10d6f0_0, 0, 32;
T_37.7 ;
    %load/vec4 v0x5576bf10d6f0_0;
    %cmpi/s 32, 0, 32;
    %jmp/0xz T_37.8, 5;
    %load/vec4 v0x5576bf10d5e0_0;
    %parti/s 1, 31, 6;
    %ix/getv/s 4, v0x5576bf10d6f0_0;
    %store/vec4 v0x5576bf10d7b0_0, 4, 1;
    %load/vec4 v0x5576bf10d6f0_0;
    %addi 1, 0, 32;
    %store/vec4 v0x5576bf10d6f0_0, 0, 32;
    %jmp T_37.7;
T_37.8 ;
    %jmp T_37.4;
T_37.2 ;
    %pushi/vec4 0, 0, 1;
    %ix/load 4, 0, 0;
    %flag_set/imm 4, 0;
    %store/vec4 v0x5576bf10d7b0_0, 4, 1;
    %load/vec4 v0x5576bf10d5e0_0;
    %parti/s 4, 8, 5;
    %ix/load 4, 1, 0;
    %flag_set/imm 4, 0;
    %store/vec4 v0x5576bf10d7b0_0, 4, 4;
    %load/vec4 v0x5576bf10d5e0_0;
    %parti/s 7, 25, 6;
    %ix/load 4, 5, 0;
    %flag_set/imm 4, 0;
    %store/vec4 v0x5576bf10d7b0_0, 4, 7;
    %pushi/vec4 12, 0, 32;
    %store/vec4 v0x5576bf10d6f0_0, 0, 32;
T_37.9 ;
    %load/vec4 v0x5576bf10d6f0_0;
    %cmpi/s 32, 0, 32;
    %jmp/0xz T_37.10, 5;
    %load/vec4 v0x5576bf10d5e0_0;
    %parti/s 1, 31, 6;
    %ix/getv/s 4, v0x5576bf10d6f0_0;
    %store/vec4 v0x5576bf10d7b0_0, 4, 1;
    %load/vec4 v0x5576bf10d6f0_0;
    %addi 1, 0, 32;
    %store/vec4 v0x5576bf10d6f0_0, 0, 32;
    %jmp T_37.9;
T_37.10 ;
    %jmp T_37.4;
T_37.4 ;
    %pop/vec4 1;
    %jmp T_37;
    .thread T_37, $push;
    .scope S_0x5576bf0f2570;
T_38 ;
    %wait E_0x5576bf0f6ff0;
    %load/vec4 v0x5576bf0c5a70_0;
    %cmpi/e 51, 0, 7;
    %jmp/0xz  T_38.0, 4;
    %pushi/vec4 528, 0, 11;
    %store/vec4 v0x5576bf0c5b70_0, 0, 11;
    %jmp T_38.1;
T_38.0 ;
    %load/vec4 v0x5576bf0c5a70_0;
    %cmpi/e 19, 0, 7;
    %jmp/0xz  T_38.2, 4;
    %pushi/vec4 532, 0, 11;
    %store/vec4 v0x5576bf0c5b70_0, 0, 11;
    %jmp T_38.3;
T_38.2 ;
    %load/vec4 v0x5576bf0c5a70_0;
    %cmpi/e 3, 0, 7;
    %jmp/0xz  T_38.4, 4;
    %pushi/vec4 60, 0, 11;
    %store/vec4 v0x5576bf0c5b70_0, 0, 11;
    %jmp T_38.5;
T_38.4 ;
    %load/vec4 v0x5576bf0c5a70_0;
    %cmpi/e 35, 0, 7;
    %jmp/0xz  T_38.6, 4;
    %pushi/vec4 69, 0, 11;
    %store/vec4 v0x5576bf0c5b70_0, 0, 11;
    %jmp T_38.7;
T_38.6 ;
    %load/vec4 v0x5576bf0c5a70_0;
    %cmpi/e 99, 0, 7;
    %jmp/0xz  T_38.8, 4;
    %pushi/vec4 1154, 0, 11;
    %store/vec4 v0x5576bf0c5b70_0, 0, 11;
    %jmp T_38.9;
T_38.8 ;
    %pushi/vec4 0, 0, 11;
    %store/vec4 v0x5576bf0c5b70_0, 0, 11;
T_38.9 ;
T_38.7 ;
T_38.5 ;
T_38.3 ;
T_38.1 ;
    %jmp T_38;
    .thread T_38, $push;
    .scope S_0x5576bf108fb0;
T_39 ;
    %wait E_0x5576bf109260;
    %load/vec4 v0x5576bf0c3bd0_0;
    %dup/vec4;
    %pushi/vec4 0, 0, 3;
    %cmp/u;
    %jmp/1 T_39.0, 6;
    %dup/vec4;
    %pushi/vec4 1, 0, 3;
    %cmp/u;
    %jmp/1 T_39.1, 6;
    %dup/vec4;
    %pushi/vec4 2, 0, 3;
    %cmp/u;
    %jmp/1 T_39.2, 6;
    %pushi/vec4 0, 0, 32;
    %store/vec4 v0x5576bf0c3cd0_0, 0, 32;
    %jmp T_39.4;
T_39.0 ;
    %load/vec4 v0x5576bf0c4c20_0;
    %store/vec4 v0x5576bf0c3cd0_0, 0, 32;
    %jmp T_39.4;
T_39.1 ;
    %load/vec4 v0x5576bf109a30_0;
    %store/vec4 v0x5576bf0c3cd0_0, 0, 32;
    %jmp T_39.4;
T_39.2 ;
    %load/vec4 v0x5576bf1097b0_0;
    %dup/vec4;
    %pushi/vec4 0, 0, 3;
    %cmp/u;
    %jmp/1 T_39.5, 6;
    %dup/vec4;
    %pushi/vec4 4, 0, 3;
    %cmp/u;
    %jmp/1 T_39.6, 6;
    %dup/vec4;
    %pushi/vec4 6, 0, 3;
    %cmp/u;
    %jmp/1 T_39.7, 6;
    %dup/vec4;
    %pushi/vec4 7, 0, 3;
    %cmp/u;
    %jmp/1 T_39.8, 6;
    %pushi/vec4 0, 0, 32;
    %store/vec4 v0x5576bf0c3cd0_0, 0, 32;
    %jmp T_39.10;
T_39.5 ;
    %load/vec4 v0x5576bf109890_0;
    %dup/vec4;
    %pushi/vec4 0, 0, 1;
    %cmp/u;
    %jmp/1 T_39.11, 6;
    %dup/vec4;
    %pushi/vec4 1, 0, 1;
    %cmp/u;
    %jmp/1 T_39.12, 6;
    %jmp T_39.13;
T_39.11 ;
    %load/vec4 v0x5576bf0c4c20_0;
    %store/vec4 v0x5576bf0c3cd0_0, 0, 32;
    %jmp T_39.13;
T_39.12 ;
    %load/vec4 v0x5576bf109a30_0;
    %store/vec4 v0x5576bf0c3cd0_0, 0, 32;
    %jmp T_39.13;
T_39.13 ;
    %pop/vec4 1;
    %jmp T_39.10;
T_39.6 ;
    %load/vec4 v0x5576bf109950_0;
    %store/vec4 v0x5576bf0c3cd0_0, 0, 32;
    %jmp T_39.10;
T_39.7 ;
    %load/vec4 v0x5576bf109b10_0;
    %store/vec4 v0x5576bf0c3cd0_0, 0, 32;
    %jmp T_39.10;
T_39.8 ;
    %load/vec4 v0x5576bf0c08c0_0;
    %store/vec4 v0x5576bf0c3cd0_0, 0, 32;
    %jmp T_39.10;
T_39.10 ;
    %pop/vec4 1;
    %jmp T_39.4;
T_39.4 ;
    %pop/vec4 1;
    %load/vec4 v0x5576bf1097b0_0;
    %dup/vec4;
    %pushi/vec4 0, 0, 3;
    %cmp/u;
    %jmp/1 T_39.14, 6;
    %dup/vec4;
    %pushi/vec4 1, 0, 3;
    %cmp/u;
    %jmp/1 T_39.15, 6;
    %dup/vec4;
    %pushi/vec4 4, 0, 3;
    %cmp/u;
    %jmp/1 T_39.16, 6;
    %dup/vec4;
    %pushi/vec4 5, 0, 3;
    %cmp/u;
    %jmp/1 T_39.17, 6;
    %pushi/vec4 0, 0, 1;
    %store/vec4 v0x5576bf109400_0, 0, 1;
    %jmp T_39.19;
T_39.14 ;
    %load/vec4 v0x5576bf109510_0;
    %load/vec4 v0x5576bf1095f0_0;
    %cmp/e;
    %flag_get/vec4 4;
    %store/vec4 v0x5576bf109400_0, 0, 1;
    %jmp T_39.19;
T_39.15 ;
    %load/vec4 v0x5576bf109510_0;
    %load/vec4 v0x5576bf1095f0_0;
    %cmp/e;
    %flag_get/vec4 4;
    %inv;
    %store/vec4 v0x5576bf109400_0, 0, 1;
    %jmp T_39.19;
T_39.16 ;
    %load/vec4 v0x5576bf109510_0;
    %load/vec4 v0x5576bf1095f0_0;
    %cmp/u;
    %flag_get/vec4 5;
    %store/vec4 v0x5576bf109400_0, 0, 1;
    %jmp T_39.19;
T_39.17 ;
    %load/vec4 v0x5576bf1095f0_0;
    %load/vec4 v0x5576bf109510_0;
    %cmp/u;
    %flag_get/vec4 4;
    %flag_get/vec4 5;
    %or;
    %store/vec4 v0x5576bf109400_0, 0, 1;
    %jmp T_39.19;
T_39.19 ;
    %pop/vec4 1;
    %jmp T_39;
    .thread T_39, $push;
    .scope S_0x5576bf109cf0;
T_40 ;
    %pushi/vec4 0, 0, 32;
    %store/vec4 v0x5576bf10b590_0, 0, 32;
T_40.0 ;
    %load/vec4 v0x5576bf10b590_0;
    %cmpi/s 255, 0, 32;
    %jmp/0xz T_40.1, 5;
    %pushi/vec4 0, 0, 8;
    %ix/getv/s 4, v0x5576bf10b590_0;
    %store/vec4a v0x5576bf10a340, 4, 0;
    %load/vec4 v0x5576bf10b590_0;
    %addi 1, 0, 32;
    %store/vec4 v0x5576bf10b590_0, 0, 32;
    %jmp T_40.0;
T_40.1 ;
    %end;
    .thread T_40;
    .scope S_0x5576bf109cf0;
T_41 ;
    %wait E_0x5576bf10a040;
    %load/vec4 v0x5576bf10b670_0;
    %flag_set/vec4 8;
    %jmp/0xz  T_41.0, 8;
    %load/vec4 v0x5576bf10a1a0_0;
    %split/vec4 8;
    %load/vec4 v0x5576bf10a0a0_0;
    %pad/u 10;
    %ix/vec4 3;
    %ix/load 4, 0, 0; Constant delay
    %assign/vec4/a/d v0x5576bf10a340, 0, 4;
    %split/vec4 8;
    %load/vec4 v0x5576bf10a0a0_0;
    %pad/u 33;
    %addi 1, 0, 33;
    %ix/vec4 3;
    %ix/load 4, 0, 0; Constant delay
    %assign/vec4/a/d v0x5576bf10a340, 0, 4;
    %split/vec4 8;
    %load/vec4 v0x5576bf10a0a0_0;
    %pad/u 33;
    %addi 2, 0, 33;
    %ix/vec4 3;
    %ix/load 4, 0, 0; Constant delay
    %assign/vec4/a/d v0x5576bf10a340, 0, 4;
    %load/vec4 v0x5576bf10a0a0_0;
    %pad/u 33;
    %addi 3, 0, 33;
    %ix/vec4 3;
    %ix/load 4, 0, 0; Constant delay
    %assign/vec4/a/d v0x5576bf10a340, 0, 4;
T_41.0 ;
    %jmp T_41;
    .thread T_41;
    .scope S_0x5576bf0c3220;
T_42 ;
    %wait E_0x5576bf062000;
    %load/vec4 v0x5576bf126680_0;
    %load/vec4 v0x5576bf126e90_0;
    %parti/s 1, 7, 4;
    %and;
    %flag_set/vec4 8;
    %jmp/0xz  T_42.0, 8;
    %load/vec4 v0x5576bf126bb0_0;
    %load/vec4 v0x5576bf126c50_0;
    %add;
    %store/vec4 v0x5576bf126dc0_0, 0, 32;
    %jmp T_42.1;
T_42.0 ;
    %load/vec4 v0x5576bf126bb0_0;
    %addi 4, 0, 32;
    %store/vec4 v0x5576bf126dc0_0, 0, 32;
T_42.1 ;
    %jmp T_42;
    .thread T_42, $push;
    .scope S_0x5576bf0c3220;
T_43 ;
    %wait E_0x5576bf061ba0;
    %load/vec4 v0x5576bf126e90_0;
    %parti/s 1, 2, 3;
    %flag_set/vec4 8;
    %jmp/0xz  T_43.0, 8;
    %load/vec4 v0x5576bf126c50_0;
    %store/vec4 v0x5576bf1264e0_0, 0, 32;
    %jmp T_43.1;
T_43.0 ;
    %load/vec4 v0x5576bf126980_0;
    %store/vec4 v0x5576bf1264e0_0, 0, 32;
T_43.1 ;
    %jmp T_43;
    .thread T_43, $push;
    .scope S_0x5576bf0c3220;
T_44 ;
    %wait E_0x5576bf0629e0;
    %load/vec4 v0x5576bf126e90_0;
    %parti/s 1, 3, 3;
    %flag_set/vec4 8;
    %jmp/0xz  T_44.0, 8;
    %load/vec4 v0x5576bf126b10_0;
    %store/vec4 v0x5576bf126a70_0, 0, 32;
    %jmp T_44.1;
T_44.0 ;
    %load/vec4 v0x5576bf1265b0_0;
    %store/vec4 v0x5576bf126a70_0, 0, 32;
T_44.1 ;
    %jmp T_44;
    .thread T_44, $push;
    .scope S_0x5576bf0e2bb0;
T_45 ;
    %vpi_call 2 203 "$dumpfile", "test.vcd" {0 0 0};
    %vpi_call 2 204 "$dumpvars", 32'sb00000000000000000000000000000000, S_0x5576bf0e2bb0 {0 0 0};
    %delay 0, 0;
    %pushi/vec4 1, 0, 1;
    %store/vec4 v0x5576bf127060_0, 0, 1;
    %pushi/vec4 0, 0, 1;
    %store/vec4 v0x5576bf126fa0_0, 0, 1;
    %delay 1, 0;
    %pushi/vec4 0, 0, 1;
    %store/vec4 v0x5576bf127060_0, 0, 1;
    %delay 1, 0;
    %pushi/vec4 1, 0, 1;
    %store/vec4 v0x5576bf127060_0, 0, 1;
    %delay 2, 0;
    %load/vec4 v0x5576bf126fa0_0;
    %inv;
    %store/vec4 v0x5576bf126fa0_0, 0, 1;
    %delay 1, 0;
    %load/vec4 v0x5576bf126fa0_0;
    %inv;
    %store/vec4 v0x5576bf126fa0_0, 0, 1;
    %delay 1, 0;
    %load/vec4 v0x5576bf126fa0_0;
    %inv;
    %store/vec4 v0x5576bf126fa0_0, 0, 1;
    %delay 1, 0;
    %load/vec4 v0x5576bf126fa0_0;
    %inv;
    %store/vec4 v0x5576bf126fa0_0, 0, 1;
    %delay 1, 0;
    %load/vec4 v0x5576bf126fa0_0;
    %inv;
    %store/vec4 v0x5576bf126fa0_0, 0, 1;
    %delay 1, 0;
    %load/vec4 v0x5576bf126fa0_0;
    %inv;
    %store/vec4 v0x5576bf126fa0_0, 0, 1;
    %delay 1, 0;
    %load/vec4 v0x5576bf126fa0_0;
    %inv;
    %store/vec4 v0x5576bf126fa0_0, 0, 1;
    %delay 1, 0;
    %load/vec4 v0x5576bf126fa0_0;
    %inv;
    %store/vec4 v0x5576bf126fa0_0, 0, 1;
    %delay 1, 0;
    %load/vec4 v0x5576bf126fa0_0;
    %inv;
    %store/vec4 v0x5576bf126fa0_0, 0, 1;
    %delay 1, 0;
    %load/vec4 v0x5576bf126fa0_0;
    %inv;
    %store/vec4 v0x5576bf126fa0_0, 0, 1;
    %delay 1, 0;
    %load/vec4 v0x5576bf126fa0_0;
    %inv;
    %store/vec4 v0x5576bf126fa0_0, 0, 1;
    %delay 1, 0;
    %load/vec4 v0x5576bf126fa0_0;
    %inv;
    %store/vec4 v0x5576bf126fa0_0, 0, 1;
    %delay 1, 0;
    %load/vec4 v0x5576bf126fa0_0;
    %inv;
    %store/vec4 v0x5576bf126fa0_0, 0, 1;
    %delay 1, 0;
    %load/vec4 v0x5576bf126fa0_0;
    %inv;
    %store/vec4 v0x5576bf126fa0_0, 0, 1;
    %delay 1, 0;
    %load/vec4 v0x5576bf126fa0_0;
    %inv;
    %store/vec4 v0x5576bf126fa0_0, 0, 1;
    %delay 1, 0;
    %load/vec4 v0x5576bf126fa0_0;
    %inv;
    %store/vec4 v0x5576bf126fa0_0, 0, 1;
    %delay 1, 0;
    %load/vec4 v0x5576bf126fa0_0;
    %inv;
    %store/vec4 v0x5576bf126fa0_0, 0, 1;
    %delay 1, 0;
    %load/vec4 v0x5576bf126fa0_0;
    %inv;
    %store/vec4 v0x5576bf126fa0_0, 0, 1;
    %delay 1, 0;
    %load/vec4 v0x5576bf126fa0_0;
    %inv;
    %store/vec4 v0x5576bf126fa0_0, 0, 1;
    %delay 1, 0;
    %load/vec4 v0x5576bf126fa0_0;
    %inv;
    %store/vec4 v0x5576bf126fa0_0, 0, 1;
    %delay 1, 0;
    %load/vec4 v0x5576bf126fa0_0;
    %inv;
    %store/vec4 v0x5576bf126fa0_0, 0, 1;
    %delay 1, 0;
    %load/vec4 v0x5576bf126fa0_0;
    %inv;
    %store/vec4 v0x5576bf126fa0_0, 0, 1;
    %delay 1, 0;
    %load/vec4 v0x5576bf126fa0_0;
    %inv;
    %store/vec4 v0x5576bf126fa0_0, 0, 1;
    %delay 1, 0;
    %load/vec4 v0x5576bf126fa0_0;
    %inv;
    %store/vec4 v0x5576bf126fa0_0, 0, 1;
    %delay 1, 0;
    %load/vec4 v0x5576bf126fa0_0;
    %inv;
    %store/vec4 v0x5576bf126fa0_0, 0, 1;
    %delay 1, 0;
    %load/vec4 v0x5576bf126fa0_0;
    %inv;
    %store/vec4 v0x5576bf126fa0_0, 0, 1;
    %end;
    .thread T_45;
# The file index is used to find the file name in the following table.
:file_names 7;
    "N/A";
    "<interactive>";
    "riscv.v";
    "controlUnit.v";
    "alu.v";
    "immGen.v";
    "regFile.v";
